This file contains any messages produced by compilers while
running configure, to aid debugging if configure makes a mistake.

It was created by gnunet configure 0.10.0, which was
generated by GNU Autoconf 2.65.  Invocation command line was

  $ ./configure 

## --------- ##
## Platform. ##
## --------- ##

hostname = catalyst05
uname -m = i686
uname -r = 2.6.32-56-generic-pae
uname -s = Linux
uname -v = #118-Ubuntu SMP Mon Jan 6 19:07:05 UTC 2014

/usr/bin/uname -p = unknown
/bin/uname -X     = unknown

/bin/arch              = unknown
/usr/bin/arch -k       = unknown
/usr/convex/getsysinfo = unknown
/usr/bin/hostinfo      = unknown
/bin/machine           = unknown
/usr/bin/oslevel       = unknown
/bin/universe          = unknown

PATH: /usr/local/sbin
PATH: /usr/local/bin
PATH: /usr/sbin
PATH: /usr/bin
PATH: /sbin
PATH: /bin
PATH: /usr/games


## ----------- ##
## Core tests. ##
## ----------- ##

configure:3095: checking build system type
configure:3109: result: i686-pc-linux-gnu
configure:3129: checking host system type
configure:3142: result: i686-pc-linux-gnu
configure:3162: checking target system type
configure:3175: result: i686-pc-linux-gnu
configure:3220: checking for a BSD-compatible install
configure:3288: result: /usr/bin/install -c
configure:3299: checking whether build environment is sane
configure:3349: result: yes
configure:3490: checking for a thread-safe mkdir -p
configure:3529: result: /bin/mkdir -p
configure:3542: checking for gawk
configure:3558: found /usr/bin/gawk
configure:3569: result: gawk
configure:3580: checking whether make sets $(MAKE)
configure:3602: result: yes
configure:3702: checking for gawk
configure:3729: result: gawk
configure:3788: checking for gcc
configure:3804: found /usr/bin/gcc
configure:3815: result: gcc
configure:4044: checking for C compiler version
configure:4053: gcc --version >&5
gcc (Ubuntu 4.4.3-4ubuntu5.1) 4.4.3
Copyright (C) 2009 Free Software Foundation, Inc.
This is free software; see the source for copying conditions.  There is NO
warranty; not even for MERCHANTABILITY or FITNESS FOR A PARTICULAR PURPOSE.

configure:4064: $? = 0
configure:4053: gcc -v >&5
Using built-in specs.
Target: i486-linux-gnu
Configured with: ../src/configure -v --with-pkgversion='Ubuntu 4.4.3-4ubuntu5.1' --with-bugurl=file:///usr/share/doc/gcc-4.4/README.Bugs --enable-languages=c,c++,fortran,objc,obj-c++ --prefix=/usr --enable-shared --enable-multiarch --enable-linker-build-id --with-system-zlib --libexecdir=/usr/lib --without-included-gettext --enable-threads=posix --with-gxx-include-dir=/usr/include/c++/4.4 --program-suffix=-4.4 --enable-nls --enable-clocale=gnu --enable-libstdcxx-debug --enable-plugin --enable-objc-gc --enable-targets=all --disable-werror --with-arch-32=i486 --with-tune=generic --enable-checking=release --build=i486-linux-gnu --host=i486-linux-gnu --target=i486-linux-gnu
Thread model: posix
gcc version 4.4.3 (Ubuntu 4.4.3-4ubuntu5.1) 
configure:4064: $? = 0
configure:4053: gcc -V >&5
gcc: '-V' option must have argument
configure:4064: $? = 1
configure:4053: gcc -qversion >&5
gcc: unrecognized option '-qversion'
gcc: no input files
configure:4064: $? = 1
configure:4084: checking whether the C compiler works
configure:4106: gcc    conftest.c  >&5
configure:4110: $? = 0
configure:4159: result: yes
configure:4162: checking for C compiler default output file name
configure:4164: result: a.out
configure:4170: checking for suffix of executables
configure:4177: gcc -o conftest    conftest.c  >&5
configure:4181: $? = 0
configure:4203: result: 
configure:4225: checking whether we are cross compiling
configure:4233: gcc -o conftest    conftest.c  >&5
configure:4237: $? = 0
configure:4244: ./conftest
configure:4248: $? = 0
configure:4263: result: no
configure:4268: checking for suffix of object files
configure:4290: gcc -c   conftest.c >&5
configure:4294: $? = 0
configure:4315: result: o
configure:4319: checking whether we are using the GNU C compiler
configure:4338: gcc -c   conftest.c >&5
configure:4338: $? = 0
configure:4347: result: yes
configure:4356: checking whether gcc accepts -g
configure:4376: gcc -c -g  conftest.c >&5
configure:4376: $? = 0
configure:4417: result: yes
configure:4434: checking for gcc option to accept ISO C89
configure:4498: gcc  -c -g -O2  conftest.c >&5
configure:4498: $? = 0
configure:4511: result: none needed
configure:4542: checking for style of include used by make
configure:4570: result: GNU
configure:4595: checking dependency style of gcc
configure:4705: result: gcc3
configure:4725: checking how to run the C preprocessor
configure:4756: gcc -E  conftest.c
configure:4756: $? = 0
configure:4770: gcc -E  conftest.c
conftest.c:11:28: error: ac_nonexistent.h: No such file or directory
configure:4770: $? = 1
configure: failed program was:
| /* confdefs.h */
| #define PACKAGE_NAME "gnunet"
| #define PACKAGE_TARNAME "gnunet"
| #define PACKAGE_VERSION "0.10.0"
| #define PACKAGE_STRING "gnunet 0.10.0"
| #define PACKAGE_BUGREPORT "bug-gnunet@gnu.org"
| #define PACKAGE_URL ""
| #define PACKAGE "gnunet"
| #define VERSION "0.10.0"
| /* end confdefs.h.  */
| #include <ac_nonexistent.h>
configure:4795: result: gcc -E
configure:4815: gcc -E  conftest.c
configure:4815: $? = 0
configure:4829: gcc -E  conftest.c
conftest.c:11:28: error: ac_nonexistent.h: No such file or directory
configure:4829: $? = 1
configure: failed program was:
| /* confdefs.h */
| #define PACKAGE_NAME "gnunet"
| #define PACKAGE_TARNAME "gnunet"
| #define PACKAGE_VERSION "0.10.0"
| #define PACKAGE_STRING "gnunet 0.10.0"
| #define PACKAGE_BUGREPORT "bug-gnunet@gnu.org"
| #define PACKAGE_URL ""
| #define PACKAGE "gnunet"
| #define VERSION "0.10.0"
| /* end confdefs.h.  */
| #include <ac_nonexistent.h>
configure:4915: checking for g++
configure:4931: found /usr/bin/g++
configure:4942: result: g++
configure:4969: checking for C++ compiler version
configure:4978: g++ --version >&5
g++ (Ubuntu 4.4.3-4ubuntu5.1) 4.4.3
Copyright (C) 2009 Free Software Foundation, Inc.
This is free software; see the source for copying conditions.  There is NO
warranty; not even for MERCHANTABILITY or FITNESS FOR A PARTICULAR PURPOSE.

configure:4989: $? = 0
configure:4978: g++ -v >&5
Using built-in specs.
Target: i486-linux-gnu
Configured with: ../src/configure -v --with-pkgversion='Ubuntu 4.4.3-4ubuntu5.1' --with-bugurl=file:///usr/share/doc/gcc-4.4/README.Bugs --enable-languages=c,c++,fortran,objc,obj-c++ --prefix=/usr --enable-shared --enable-multiarch --enable-linker-build-id --with-system-zlib --libexecdir=/usr/lib --without-included-gettext --enable-threads=posix --with-gxx-include-dir=/usr/include/c++/4.4 --program-suffix=-4.4 --enable-nls --enable-clocale=gnu --enable-libstdcxx-debug --enable-plugin --enable-objc-gc --enable-targets=all --disable-werror --with-arch-32=i486 --with-tune=generic --enable-checking=release --build=i486-linux-gnu --host=i486-linux-gnu --target=i486-linux-gnu
Thread model: posix
gcc version 4.4.3 (Ubuntu 4.4.3-4ubuntu5.1) 
configure:4989: $? = 0
configure:4978: g++ -V >&5
g++: '-V' option must have argument
configure:4989: $? = 1
configure:4978: g++ -qversion >&5
g++: unrecognized option '-qversion'
g++: no input files
configure:4989: $? = 1
configure:4993: checking whether we are using the GNU C++ compiler
configure:5012: g++ -c   conftest.cpp >&5
configure:5012: $? = 0
configure:5021: result: yes
configure:5030: checking whether g++ accepts -g
configure:5050: g++ -c -g  conftest.cpp >&5
configure:5050: $? = 0
configure:5091: result: yes
configure:5116: checking dependency style of g++
configure:5226: result: gcc3
configure:5295: checking for gcc
configure:5311: found /usr/bin/gcc
configure:5322: result: gcc
configure:5347: checking for Objective C compiler version
configure:5356: gcc --version >&5
gcc (Ubuntu 4.4.3-4ubuntu5.1) 4.4.3
Copyright (C) 2009 Free Software Foundation, Inc.
This is free software; see the source for copying conditions.  There is NO
warranty; not even for MERCHANTABILITY or FITNESS FOR A PARTICULAR PURPOSE.

configure:5367: $? = 0
configure:5356: gcc -v >&5
Using built-in specs.
Target: i486-linux-gnu
Configured with: ../src/configure -v --with-pkgversion='Ubuntu 4.4.3-4ubuntu5.1' --with-bugurl=file:///usr/share/doc/gcc-4.4/README.Bugs --enable-languages=c,c++,fortran,objc,obj-c++ --prefix=/usr --enable-shared --enable-multiarch --enable-linker-build-id --with-system-zlib --libexecdir=/usr/lib --without-included-gettext --enable-threads=posix --with-gxx-include-dir=/usr/include/c++/4.4 --program-suffix=-4.4 --enable-nls --enable-clocale=gnu --enable-libstdcxx-debug --enable-plugin --enable-objc-gc --enable-targets=all --disable-werror --with-arch-32=i486 --with-tune=generic --enable-checking=release --build=i486-linux-gnu --host=i486-linux-gnu --target=i486-linux-gnu
Thread model: posix
gcc version 4.4.3 (Ubuntu 4.4.3-4ubuntu5.1) 
configure:5367: $? = 0
configure:5356: gcc -V >&5
gcc: '-V' option must have argument
configure:5367: $? = 1
configure:5356: gcc -qversion >&5
gcc: unrecognized option '-qversion'
gcc: no input files
configure:5367: $? = 1
configure:5371: checking whether we are using the GNU Objective C compiler
configure:5390: gcc -c   conftest.m >&5
gcc: error trying to exec 'cc1obj': execvp: No such file or directory
configure:5390: $? = 1
configure: failed program was:
| /* confdefs.h */
| #define PACKAGE_NAME "gnunet"
| #define PACKAGE_TARNAME "gnunet"
| #define PACKAGE_VERSION "0.10.0"
| #define PACKAGE_STRING "gnunet 0.10.0"
| #define PACKAGE_BUGREPORT "bug-gnunet@gnu.org"
| #define PACKAGE_URL ""
| #define PACKAGE "gnunet"
| #define VERSION "0.10.0"
| /* end confdefs.h.  */
| 
| int
| main ()
| {
| #ifndef __GNUC__
|        choke me
| #endif
| 
|   ;
|   return 0;
| }
configure:5399: result: no
configure:5408: checking whether gcc accepts -g
configure:5428: gcc -c -g  conftest.m >&5
gcc: error trying to exec 'cc1obj': execvp: No such file or directory
configure:5428: $? = 1
configure: failed program was:
| /* confdefs.h */
| #define PACKAGE_NAME "gnunet"
| #define PACKAGE_TARNAME "gnunet"
| #define PACKAGE_VERSION "0.10.0"
| #define PACKAGE_STRING "gnunet 0.10.0"
| #define PACKAGE_BUGREPORT "bug-gnunet@gnu.org"
| #define PACKAGE_URL ""
| #define PACKAGE "gnunet"
| #define VERSION "0.10.0"
| /* end confdefs.h.  */
| 
| int
| main ()
| {
| 
|   ;
|   return 0;
| }
configure:5443: gcc -c   conftest.m >&5
gcc: error trying to exec 'cc1obj': execvp: No such file or directory
configure:5443: $? = 1
configure: failed program was:
| /* confdefs.h */
| #define PACKAGE_NAME "gnunet"
| #define PACKAGE_TARNAME "gnunet"
| #define PACKAGE_VERSION "0.10.0"
| #define PACKAGE_STRING "gnunet 0.10.0"
| #define PACKAGE_BUGREPORT "bug-gnunet@gnu.org"
| #define PACKAGE_URL ""
| #define PACKAGE "gnunet"
| #define VERSION "0.10.0"
| /* end confdefs.h.  */
| 
| int
| main ()
| {
| 
|   ;
|   return 0;
| }
configure:5459: gcc -c -g  conftest.m >&5
gcc: error trying to exec 'cc1obj': execvp: No such file or directory
configure:5459: $? = 1
configure: failed program was:
| /* confdefs.h */
| #define PACKAGE_NAME "gnunet"
| #define PACKAGE_TARNAME "gnunet"
| #define PACKAGE_VERSION "0.10.0"
| #define PACKAGE_STRING "gnunet 0.10.0"
| #define PACKAGE_BUGREPORT "bug-gnunet@gnu.org"
| #define PACKAGE_URL ""
| #define PACKAGE "gnunet"
| #define VERSION "0.10.0"
| /* end confdefs.h.  */
| 
| int
| main ()
| {
| 
|   ;
|   return 0;
| }
configure:5469: result: no
configure:5494: checking dependency style of gcc
configure:5602: result: gcc3
configure:5618: checking whether ln -s works
configure:5622: result: yes
configure:5629: checking whether make sets $(MAKE)
configure:5651: result: yes
configure:5661: checking whether gcc and cc understand -c and -o together
configure:5692: gcc -c conftest.c -o conftest2.o >&5
configure:5696: $? = 0
configure:5702: gcc -c conftest.c -o conftest2.o >&5
configure:5706: $? = 0
configure:5717: cc -c conftest.c >&5
configure:5721: $? = 0
configure:5729: cc -c conftest.c -o conftest2.o >&5
configure:5733: $? = 0
configure:5739: cc -c conftest.c -o conftest2.o >&5
configure:5743: $? = 0
configure:5761: result: yes
configure:5811: checking for a sed that does not truncate output
configure:5875: result: /bin/sed
configure:5893: checking for grep that handles long lines and -e
configure:5951: result: /bin/grep
configure:5956: checking for egrep
configure:6018: result: /bin/grep -E
configure:6023: checking for fgrep
configure:6085: result: /bin/grep -F
configure:6120: checking for ld used by gcc
configure:6187: result: /usr/bin/ld
configure:6194: checking if the linker (/usr/bin/ld) is GNU ld
configure:6209: result: yes
configure:6221: checking for BSD- or MS-compatible name lister (nm)
configure:6270: result: /usr/bin/nm -B
configure:6388: checking the name lister (/usr/bin/nm -B) interface
configure:6395: gcc -c -g -O2  conftest.c >&5
configure:6398: /usr/bin/nm -B "conftest.o"
configure:6401: output
00000000 B some_variable
configure:6408: result: BSD nm
configure:6412: checking the maximum length of command line arguments
configure:6532: result: 1572864
configure:6549: checking whether the shell understands some XSI constructs
configure:6559: result: yes
configure:6563: checking whether the shell understands "+="
configure:6569: result: yes
configure:6604: checking for /usr/bin/ld option to reload object files
configure:6611: result: -r
configure:6680: checking for objdump
configure:6696: found /usr/bin/objdump
configure:6707: result: objdump
configure:6736: checking how to recognize dependent libraries
configure:6932: result: pass_all
configure:6992: checking for ar
configure:7008: found /usr/bin/ar
configure:7019: result: ar
configure:7097: checking for strip
configure:7113: found /usr/bin/strip
configure:7124: result: strip
configure:7196: checking for ranlib
configure:7212: found /usr/bin/ranlib
configure:7223: result: ranlib
configure:7313: checking command to parse /usr/bin/nm -B output from gcc object
configure:7431: gcc -c -g -O2  conftest.c >&5
configure:7434: $? = 0
configure:7438: /usr/bin/nm -B conftest.o \| sed -n -e 's/^.*[	 ]\([ABCDGIRSTW][ABCDGIRSTW]*\)[	 ][	 ]*\([_A-Za-z][_A-Za-z0-9]*\)$/\1 \2 \2/p' \> conftest.nm
configure:7441: $? = 0
configure:7495: gcc -o conftest -g -O2   conftest.c conftstm.o >&5
configure:7498: $? = 0
configure:7536: result: ok
configure:8341: checking for ANSI C header files
configure:8361: gcc -c -g -O2  conftest.c >&5
configure:8361: $? = 0
configure:8434: gcc -o conftest -g -O2   conftest.c  >&5
configure:8434: $? = 0
configure:8434: ./conftest
configure:8434: $? = 0
configure:8445: result: yes
configure:8458: checking for sys/types.h
configure:8458: gcc -c -g -O2  conftest.c >&5
configure:8458: $? = 0
configure:8458: result: yes
configure:8458: checking for sys/stat.h
configure:8458: gcc -c -g -O2  conftest.c >&5
configure:8458: $? = 0
configure:8458: result: yes
configure:8458: checking for stdlib.h
configure:8458: gcc -c -g -O2  conftest.c >&5
configure:8458: $? = 0
configure:8458: result: yes
configure:8458: checking for string.h
configure:8458: gcc -c -g -O2  conftest.c >&5
configure:8458: $? = 0
configure:8458: result: yes
configure:8458: checking for memory.h
configure:8458: gcc -c -g -O2  conftest.c >&5
configure:8458: $? = 0
configure:8458: result: yes
configure:8458: checking for strings.h
configure:8458: gcc -c -g -O2  conftest.c >&5
configure:8458: $? = 0
configure:8458: result: yes
configure:8458: checking for inttypes.h
configure:8458: gcc -c -g -O2  conftest.c >&5
configure:8458: $? = 0
configure:8458: result: yes
configure:8458: checking for stdint.h
configure:8458: gcc -c -g -O2  conftest.c >&5
configure:8458: $? = 0
configure:8458: result: yes
configure:8458: checking for unistd.h
configure:8458: gcc -c -g -O2  conftest.c >&5
configure:8458: $? = 0
configure:8458: result: yes
configure:8473: checking for dlfcn.h
configure:8473: gcc -c -g -O2  conftest.c >&5
configure:8473: $? = 0
configure:8473: result: yes
configure:8598: checking for C++ compiler version
configure:8607: g++ --version >&5
g++ (Ubuntu 4.4.3-4ubuntu5.1) 4.4.3
Copyright (C) 2009 Free Software Foundation, Inc.
This is free software; see the source for copying conditions.  There is NO
warranty; not even for MERCHANTABILITY or FITNESS FOR A PARTICULAR PURPOSE.

configure:8618: $? = 0
configure:8607: g++ -v >&5
Using built-in specs.
Target: i486-linux-gnu
Configured with: ../src/configure -v --with-pkgversion='Ubuntu 4.4.3-4ubuntu5.1' --with-bugurl=file:///usr/share/doc/gcc-4.4/README.Bugs --enable-languages=c,c++,fortran,objc,obj-c++ --prefix=/usr --enable-shared --enable-multiarch --enable-linker-build-id --with-system-zlib --libexecdir=/usr/lib --without-included-gettext --enable-threads=posix --with-gxx-include-dir=/usr/include/c++/4.4 --program-suffix=-4.4 --enable-nls --enable-clocale=gnu --enable-libstdcxx-debug --enable-plugin --enable-objc-gc --enable-targets=all --disable-werror --with-arch-32=i486 --with-tune=generic --enable-checking=release --build=i486-linux-gnu --host=i486-linux-gnu --target=i486-linux-gnu
Thread model: posix
gcc version 4.4.3 (Ubuntu 4.4.3-4ubuntu5.1) 
configure:8618: $? = 0
configure:8607: g++ -V >&5
g++: '-V' option must have argument
configure:8618: $? = 1
configure:8607: g++ -qversion >&5
g++: unrecognized option '-qversion'
g++: no input files
configure:8618: $? = 1
configure:8622: checking whether we are using the GNU C++ compiler
configure:8650: result: yes
configure:8659: checking whether g++ accepts -g
configure:8720: result: yes
configure:8745: checking dependency style of g++
configure:8855: result: gcc3
configure:8878: checking how to run the C++ preprocessor
configure:8905: g++ -E  conftest.cpp
configure:8905: $? = 0
configure:8919: g++ -E  conftest.cpp
conftest.cpp:22:28: error: ac_nonexistent.h: No such file or directory
configure:8919: $? = 1
configure: failed program was:
| /* confdefs.h */
| #define PACKAGE_NAME "gnunet"
| #define PACKAGE_TARNAME "gnunet"
| #define PACKAGE_VERSION "0.10.0"
| #define PACKAGE_STRING "gnunet 0.10.0"
| #define PACKAGE_BUGREPORT "bug-gnunet@gnu.org"
| #define PACKAGE_URL ""
| #define PACKAGE "gnunet"
| #define VERSION "0.10.0"
| #define STDC_HEADERS 1
| #define HAVE_SYS_TYPES_H 1
| #define HAVE_SYS_STAT_H 1
| #define HAVE_STDLIB_H 1
| #define HAVE_STRING_H 1
| #define HAVE_MEMORY_H 1
| #define HAVE_STRINGS_H 1
| #define HAVE_INTTYPES_H 1
| #define HAVE_STDINT_H 1
| #define HAVE_UNISTD_H 1
| #define HAVE_DLFCN_H 1
| /* end confdefs.h.  */
| #include <ac_nonexistent.h>
configure:8944: result: g++ -E
configure:8964: g++ -E  conftest.cpp
configure:8964: $? = 0
configure:8978: g++ -E  conftest.cpp
conftest.cpp:22:28: error: ac_nonexistent.h: No such file or directory
configure:8978: $? = 1
configure: failed program was:
| /* confdefs.h */
| #define PACKAGE_NAME "gnunet"
| #define PACKAGE_TARNAME "gnunet"
| #define PACKAGE_VERSION "0.10.0"
| #define PACKAGE_STRING "gnunet 0.10.0"
| #define PACKAGE_BUGREPORT "bug-gnunet@gnu.org"
| #define PACKAGE_URL ""
| #define PACKAGE "gnunet"
| #define VERSION "0.10.0"
| #define STDC_HEADERS 1
| #define HAVE_SYS_TYPES_H 1
| #define HAVE_SYS_STAT_H 1
| #define HAVE_STDLIB_H 1
| #define HAVE_STRING_H 1
| #define HAVE_MEMORY_H 1
| #define HAVE_STRINGS_H 1
| #define HAVE_INTTYPES_H 1
| #define HAVE_STDINT_H 1
| #define HAVE_UNISTD_H 1
| #define HAVE_DLFCN_H 1
| /* end confdefs.h.  */
| #include <ac_nonexistent.h>
configure:9480: checking for objdir
configure:9495: result: .libs
configure:9791: checking if gcc supports -fno-rtti -fno-exceptions
configure:9809: gcc -c -g -O2  -fno-rtti -fno-exceptions conftest.c >&5
cc1: warning: command line option "-fno-rtti" is valid for C++/ObjC++ but not for C
configure:9813: $? = 0
configure:9826: result: no
configure:9846: checking for gcc option to produce PIC
configure:10118: result: -fPIC -DPIC
configure:10130: checking if gcc PIC flag -fPIC -DPIC works
configure:10148: gcc -c -g -O2  -fPIC -DPIC -DPIC conftest.c >&5
configure:10152: $? = 0
configure:10165: result: yes
configure:10189: checking if gcc static flag -static works
configure:10217: result: yes
configure:10232: checking if gcc supports -c -o file.o
configure:10253: gcc -c -g -O2  -o out/conftest2.o conftest.c >&5
configure:10257: $? = 0
configure:10279: result: yes
configure:10287: checking if gcc supports -c -o file.o
configure:10334: result: yes
configure:10367: checking whether the gcc linker (/usr/bin/ld) supports shared libraries
configure:11358: result: yes
configure:11395: checking whether -lc should be explicitly linked in
configure:11400: gcc -c -g -O2  conftest.c >&5
configure:11403: $? = 0
configure:11418: gcc -shared conftest.o  -v -Wl,-soname -Wl,conftest -o conftest 2\>\&1 \| /bin/grep  -lc  \>/dev/null 2\>\&1
configure:11421: $? = 0
configure:11433: result: no
configure:11597: checking dynamic linker characteristics
configure:12030: gcc -o conftest -g -O2   -Wl,-rpath -Wl,/foo conftest.c  >&5
configure:12030: $? = 0
configure:12260: result: GNU/Linux ld.so
configure:12362: checking how to hardcode library paths into programs
configure:12387: result: immediate
configure:12481: checking for shl_load
configure:12481: gcc -o conftest -g -O2   conftest.c  >&5
/tmp/cckVFahU.o: In function `main':
/home/cdl/Documents/gnunet/conftest.c:57: undefined reference to `shl_load'
collect2: ld returned 1 exit status
configure:12481: $? = 1
configure: failed program was:
| /* confdefs.h */
| #define PACKAGE_NAME "gnunet"
| #define PACKAGE_TARNAME "gnunet"
| #define PACKAGE_VERSION "0.10.0"
| #define PACKAGE_STRING "gnunet 0.10.0"
| #define PACKAGE_BUGREPORT "bug-gnunet@gnu.org"
| #define PACKAGE_URL ""
| #define PACKAGE "gnunet"
| #define VERSION "0.10.0"
| #define STDC_HEADERS 1
| #define HAVE_SYS_TYPES_H 1
| #define HAVE_SYS_STAT_H 1
| #define HAVE_STDLIB_H 1
| #define HAVE_STRING_H 1
| #define HAVE_MEMORY_H 1
| #define HAVE_STRINGS_H 1
| #define HAVE_INTTYPES_H 1
| #define HAVE_STDINT_H 1
| #define HAVE_UNISTD_H 1
| #define HAVE_DLFCN_H 1
| #define LT_OBJDIR ".libs/"
| /* end confdefs.h.  */
| /* Define shl_load to an innocuous variant, in case <limits.h> declares shl_load.
|    For example, HP-UX 11i <limits.h> declares gettimeofday.  */
| #define shl_load innocuous_shl_load
| 
| /* System header to define __stub macros and hopefully few prototypes,
|     which can conflict with char shl_load (); below.
|     Prefer <limits.h> to <assert.h> if __STDC__ is defined, since
|     <limits.h> exists even on freestanding compilers.  */
| 
| #ifdef __STDC__
| # include <limits.h>
| #else
| # include <assert.h>
| #endif
| 
| #undef shl_load
| 
| /* Override any GCC internal prototype to avoid an error.
|    Use char because int might match the return type of a GCC
|    builtin and then its argument prototype would still apply.  */
| #ifdef __cplusplus
| extern "C"
| #endif
| char shl_load ();
| /* The GNU C library defines this for functions which it implements
|     to always fail with ENOSYS.  Some functions are actually named
|     something starting with __ and the normal name is an alias.  */
| #if defined __stub_shl_load || defined __stub___shl_load
| choke me
| #endif
| 
| int
| main ()
| {
| return shl_load ();
|   ;
|   return 0;
| }
configure:12481: result: no
configure:12485: checking for shl_load in -ldld
configure:12510: gcc -o conftest -g -O2   conftest.c -ldld   >&5
/usr/bin/ld: cannot find -ldld
collect2: ld returned 1 exit status
configure:12510: $? = 1
configure: failed program was:
| /* confdefs.h */
| #define PACKAGE_NAME "gnunet"
| #define PACKAGE_TARNAME "gnunet"
| #define PACKAGE_VERSION "0.10.0"
| #define PACKAGE_STRING "gnunet 0.10.0"
| #define PACKAGE_BUGREPORT "bug-gnunet@gnu.org"
| #define PACKAGE_URL ""
| #define PACKAGE "gnunet"
| #define VERSION "0.10.0"
| #define STDC_HEADERS 1
| #define HAVE_SYS_TYPES_H 1
| #define HAVE_SYS_STAT_H 1
| #define HAVE_STDLIB_H 1
| #define HAVE_STRING_H 1
| #define HAVE_MEMORY_H 1
| #define HAVE_STRINGS_H 1
| #define HAVE_INTTYPES_H 1
| #define HAVE_STDINT_H 1
| #define HAVE_UNISTD_H 1
| #define HAVE_DLFCN_H 1
| #define LT_OBJDIR ".libs/"
| /* end confdefs.h.  */
| 
| /* Override any GCC internal prototype to avoid an error.
|    Use char because int might match the return type of a GCC
|    builtin and then its argument prototype would still apply.  */
| #ifdef __cplusplus
| extern "C"
| #endif
| char shl_load ();
| int
| main ()
| {
| return shl_load ();
|   ;
|   return 0;
| }
configure:12519: result: no
configure:12524: checking for dlopen
configure:12524: gcc -o conftest -g -O2   conftest.c  >&5
/tmp/ccZngui5.o: In function `main':
/home/cdl/Documents/gnunet/conftest.c:57: undefined reference to `dlopen'
collect2: ld returned 1 exit status
configure:12524: $? = 1
configure: failed program was:
| /* confdefs.h */
| #define PACKAGE_NAME "gnunet"
| #define PACKAGE_TARNAME "gnunet"
| #define PACKAGE_VERSION "0.10.0"
| #define PACKAGE_STRING "gnunet 0.10.0"
| #define PACKAGE_BUGREPORT "bug-gnunet@gnu.org"
| #define PACKAGE_URL ""
| #define PACKAGE "gnunet"
| #define VERSION "0.10.0"
| #define STDC_HEADERS 1
| #define HAVE_SYS_TYPES_H 1
| #define HAVE_SYS_STAT_H 1
| #define HAVE_STDLIB_H 1
| #define HAVE_STRING_H 1
| #define HAVE_MEMORY_H 1
| #define HAVE_STRINGS_H 1
| #define HAVE_INTTYPES_H 1
| #define HAVE_STDINT_H 1
| #define HAVE_UNISTD_H 1
| #define HAVE_DLFCN_H 1
| #define LT_OBJDIR ".libs/"
| /* end confdefs.h.  */
| /* Define dlopen to an innocuous variant, in case <limits.h> declares dlopen.
|    For example, HP-UX 11i <limits.h> declares gettimeofday.  */
| #define dlopen innocuous_dlopen
| 
| /* System header to define __stub macros and hopefully few prototypes,
|     which can conflict with char dlopen (); below.
|     Prefer <limits.h> to <assert.h> if __STDC__ is defined, since
|     <limits.h> exists even on freestanding compilers.  */
| 
| #ifdef __STDC__
| # include <limits.h>
| #else
| # include <assert.h>
| #endif
| 
| #undef dlopen
| 
| /* Override any GCC internal prototype to avoid an error.
|    Use char because int might match the return type of a GCC
|    builtin and then its argument prototype would still apply.  */
| #ifdef __cplusplus
| extern "C"
| #endif
| char dlopen ();
| /* The GNU C library defines this for functions which it implements
|     to always fail with ENOSYS.  Some functions are actually named
|     something starting with __ and the normal name is an alias.  */
| #if defined __stub_dlopen || defined __stub___dlopen
| choke me
| #endif
| 
| int
| main ()
| {
| return dlopen ();
|   ;
|   return 0;
| }
configure:12524: result: no
configure:12528: checking for dlopen in -ldl
configure:12553: gcc -o conftest -g -O2   conftest.c -ldl   >&5
configure:12553: $? = 0
configure:12562: result: yes
configure:12681: checking whether a program can dlopen itself
configure:12751: gcc -o conftest -g -O2  -DHAVE_DLFCN_H  -Wl,--export-dynamic conftest.c -ldl  >&5
configure:12754: $? = 0
configure:12772: result: yes
configure:12777: checking whether a statically linked program can dlopen itself
configure:12847: gcc -o conftest -g -O2  -DHAVE_DLFCN_H  -Wl,--export-dynamic -static conftest.c -ldl  >&5
/tmp/cc1CEA2n.o: In function `main':
/home/cdl/Documents/gnunet/configure:12831: warning: Using 'dlopen' in statically linked applications requires at runtime the shared libraries from the glibc version used for linking
configure:12850: $? = 0
/lib/: cannot read file data: Is a directory
configure:12868: result: no
configure:12907: checking whether stripping libraries is possible
configure:12912: result: yes
configure:12947: checking if libtool supports shared libraries
configure:12949: result: yes
configure:12952: checking whether to build shared libraries
configure:12973: result: yes
configure:12976: checking whether to build static libraries
configure:12980: result: no
configure:13130: checking for ld used by g++
configure:13197: result: /usr/bin/ld
configure:13204: checking if the linker (/usr/bin/ld) is GNU ld
configure:13219: result: yes
configure:13274: checking whether the g++ linker (/usr/bin/ld) supports shared libraries
configure:14187: result: yes
configure:14215: g++ -c -g -O2  conftest.cpp >&5
configure:14218: $? = 0
configure:14400: checking for g++ option to produce PIC
configure:14717: result: -fPIC -DPIC
configure:14726: checking if g++ PIC flag -fPIC -DPIC works
configure:14744: g++ -c -g -O2  -fPIC -DPIC -DPIC conftest.cpp >&5
configure:14748: $? = 0
configure:14761: result: yes
configure:14782: checking if g++ static flag -static works
configure:14810: result: yes
configure:14822: checking if g++ supports -c -o file.o
configure:14843: g++ -c -g -O2  -o out/conftest2.o conftest.cpp >&5
configure:14847: $? = 0
configure:14869: result: yes
configure:14874: checking if g++ supports -c -o file.o
configure:14921: result: yes
configure:14951: checking whether the g++ linker (/usr/bin/ld) supports shared libraries
configure:14980: result: yes
configure:15117: checking dynamic linker characteristics
configure:15498: g++ -o conftest -g -O2   -Wl,-rpath -Wl,/foo conftest.cpp  >&5
configure:15498: $? = 0
configure:15728: result: GNU/Linux ld.so
configure:15779: checking how to hardcode library paths into programs
configure:15804: result: immediate
configure:15872: checking for special C compiler options needed for large files
configure:15917: result: no
configure:15923: checking for _FILE_OFFSET_BITS value needed for large files
configure:15948: gcc -c -g -O2  conftest.c >&5
conftest.c:29: warning: left shift count >= width of type
conftest.c:29: warning: left shift count >= width of type
conftest.c:31: error: size of array 'off_t_is_large' is negative
configure:15948: $? = 1
configure: failed program was:
| /* confdefs.h */
| #define PACKAGE_NAME "gnunet"
| #define PACKAGE_TARNAME "gnunet"
| #define PACKAGE_VERSION "0.10.0"
| #define PACKAGE_STRING "gnunet 0.10.0"
| #define PACKAGE_BUGREPORT "bug-gnunet@gnu.org"
| #define PACKAGE_URL ""
| #define PACKAGE "gnunet"
| #define VERSION "0.10.0"
| #define STDC_HEADERS 1
| #define HAVE_SYS_TYPES_H 1
| #define HAVE_SYS_STAT_H 1
| #define HAVE_STDLIB_H 1
| #define HAVE_STRING_H 1
| #define HAVE_MEMORY_H 1
| #define HAVE_STRINGS_H 1
| #define HAVE_INTTYPES_H 1
| #define HAVE_STDINT_H 1
| #define HAVE_UNISTD_H 1
| #define HAVE_DLFCN_H 1
| #define LT_OBJDIR ".libs/"
| /* end confdefs.h.  */
| #include <sys/types.h>
|  /* Check that off_t can represent 2**63 - 1 correctly.
|     We can't simply define LARGE_OFF_T to be 9223372036854775807,
|     since some C++ compilers masquerading as C compilers
|     incorrectly reject 9223372036854775807.  */
| #define LARGE_OFF_T (((off_t) 1 << 62) - 1 + ((off_t) 1 << 62))
|   int off_t_is_large[(LARGE_OFF_T % 2147483629 == 721
| 		       && LARGE_OFF_T % 2147483647 == 1)
| 		      ? 1 : -1];
| int
| main ()
| {
| 
|   ;
|   return 0;
| }
configure:15972: gcc -c -g -O2  conftest.c >&5
configure:15972: $? = 0
configure:15980: result: 64
configure:16063: checking for _LARGEFILE_SOURCE value needed for large files
configure:16082: gcc -o conftest -g -O2   conftest.c  >&5
configure:16082: $? = 0
configure:16110: result: no
configure:16181: checking for X
configure:16289: gcc -E  conftest.c
configure:16289: $? = 0
configure:16320: gcc -o conftest -fno-strict-aliasing -Wall -g -O2   conftest.c -lX11  >&5
configure:16320: $? = 0
configure:16370: result: libraries , headers 
configure:16469: gcc -o conftest -fno-strict-aliasing -Wall -g -O2   conftest.c   -lX11 >&5
configure:16469: $? = 0
configure:16567: checking for gethostbyname
configure:16567: gcc -o conftest -fno-strict-aliasing -Wall -g -O2   conftest.c  >&5
configure:16567: $? = 0
configure:16567: result: yes
configure:16664: checking for connect
configure:16664: gcc -o conftest -fno-strict-aliasing -Wall -g -O2   conftest.c  >&5
configure:16664: $? = 0
configure:16664: result: yes
configure:16713: checking for remove
configure:16713: gcc -o conftest -fno-strict-aliasing -Wall -g -O2   conftest.c  >&5
configure:16713: $? = 0
configure:16713: result: yes
configure:16762: checking for shmat
configure:16762: gcc -o conftest -fno-strict-aliasing -Wall -g -O2   conftest.c  >&5
configure:16762: $? = 0
configure:16762: result: yes
configure:16820: checking for IceConnectionNumber in -lICE
configure:16845: gcc -o conftest -fno-strict-aliasing -Wall -g -O2   conftest.c -lICE   >&5
configure:16845: $? = 0
configure:16854: result: yes
configure:17966: checking for build target
configure:18033: result: linux
configure:18044: checking whether unaligned 64-bit access works
configure:18075: gcc -o conftest -fno-strict-aliasing -Wall -g -O2   conftest.c  >&5
conftest.c: In function 'main':
conftest.c:32: warning: implicit declaration of function 'malloc'
conftest.c:32: warning: incompatible implicit declaration of built-in function 'malloc'
conftest.c:34: warning: dereferencing 'void *' pointer
conftest.c: At top level:
conftest.c:39: error: expected identifier or '(' before ',' token
configure:18075: $? = 1
configure: program exited with status 1
configure: failed program was:
| /* confdefs.h */
| #define PACKAGE_NAME "gnunet"
| #define PACKAGE_TARNAME "gnunet"
| #define PACKAGE_VERSION "0.10.0"
| #define PACKAGE_STRING "gnunet 0.10.0"
| #define PACKAGE_BUGREPORT "bug-gnunet@gnu.org"
| #define PACKAGE_URL ""
| #define PACKAGE "gnunet"
| #define VERSION "0.10.0"
| #define STDC_HEADERS 1
| #define HAVE_SYS_TYPES_H 1
| #define HAVE_SYS_STAT_H 1
| #define HAVE_STDLIB_H 1
| #define HAVE_STRING_H 1
| #define HAVE_MEMORY_H 1
| #define HAVE_STRINGS_H 1
| #define HAVE_INTTYPES_H 1
| #define HAVE_STDINT_H 1
| #define HAVE_UNISTD_H 1
| #define HAVE_DLFCN_H 1
| #define LT_OBJDIR ".libs/"
| #define _FILE_OFFSET_BITS 64
| #define HAVE_FSEEKO 1
| #define LINUX 1
| #define GNUNET_DEFAULT_INTERFACE "eth0"
| /* end confdefs.h.  */
| struct S { int a,b,c;};
| int
| main ()
| {
| struct S s = {0,0,0}; long long * p = (long long *) &s.b;
| 			         void *bp = malloc (50);
|  				 long long x = *p;
| 				 long long *be = (long long*) &bp[1];
| 				 long long y = *be;
| 				 return (int) x*y;
|   ;
|   return 0;
| },
|  ac_cv_unaligned_64_access=yes,
|  ac_cv_unaligned_64_access=no,
|  ac_cv_unaligned_64_access=no
configure:18084: result: 
configure:18098: checking for library containing gethostbyname
configure:18129: gcc -o conftest -fno-strict-aliasing -Wall -g -O2   conftest.c  >&5
configure:18129: $? = 0
configure:18146: result: none required
configure:18154: checking for socket in -lsocket
configure:18179: gcc -o conftest -fno-strict-aliasing -Wall -g -O2   conftest.c -lsocket   >&5
/usr/bin/ld: cannot find -lsocket
collect2: ld returned 1 exit status
configure:18179: $? = 1
configure: failed program was:
| /* confdefs.h */
| #define PACKAGE_NAME "gnunet"
| #define PACKAGE_TARNAME "gnunet"
| #define PACKAGE_VERSION "0.10.0"
| #define PACKAGE_STRING "gnunet 0.10.0"
| #define PACKAGE_BUGREPORT "bug-gnunet@gnu.org"
| #define PACKAGE_URL ""
| #define PACKAGE "gnunet"
| #define VERSION "0.10.0"
| #define STDC_HEADERS 1
| #define HAVE_SYS_TYPES_H 1
| #define HAVE_SYS_STAT_H 1
| #define HAVE_STDLIB_H 1
| #define HAVE_STRING_H 1
| #define HAVE_MEMORY_H 1
| #define HAVE_STRINGS_H 1
| #define HAVE_INTTYPES_H 1
| #define HAVE_STDINT_H 1
| #define HAVE_UNISTD_H 1
| #define HAVE_DLFCN_H 1
| #define LT_OBJDIR ".libs/"
| #define _FILE_OFFSET_BITS 64
| #define HAVE_FSEEKO 1
| #define LINUX 1
| #define GNUNET_DEFAULT_INTERFACE "eth0"
| #define HAVE_UNALIGNED_64_ACCESS 0
| /* end confdefs.h.  */
| 
| /* Override any GCC internal prototype to avoid an error.
|    Use char because int might match the return type of a GCC
|    builtin and then its argument prototype would still apply.  */
| #ifdef __cplusplus
| extern "C"
| #endif
| char socket ();
| int
| main ()
| {
| return socket ();
|   ;
|   return 0;
| }
configure:18188: result: no
configure:18199: checking for log in -lm
configure:18224: gcc -o conftest -fno-strict-aliasing -Wall -g -O2   conftest.c -lm   >&5
conftest.c:35: warning: conflicting types for built-in function 'log'
configure:18224: $? = 0
configure:18233: result: yes
configure:18244: checking for getloadavg in -lc
configure:18269: gcc -o conftest -fno-strict-aliasing -Wall -g -O2   conftest.c -lc  -lm  >&5
configure:18269: $? = 0
configure:18278: result: yes
configure:18288: checking for struct tm.tm_gmtoff
configure:18288: gcc -c -fno-strict-aliasing -Wall -g -O2  conftest.c >&5
configure:18288: $? = 0
configure:18288: result: yes
configure:18297: checking whether _stati64 is declared
configure:18297: gcc -c -fno-strict-aliasing -Wall -g -O2  conftest.c >&5
conftest.c: In function 'main':
conftest.c:68: error: '_stati64' undeclared (first use in this function)
conftest.c:68: error: (Each undeclared identifier is reported only once
conftest.c:68: error: for each function it appears in.)
configure:18297: $? = 1
configure: failed program was:
| /* confdefs.h */
| #define PACKAGE_NAME "gnunet"
| #define PACKAGE_TARNAME "gnunet"
| #define PACKAGE_VERSION "0.10.0"
| #define PACKAGE_STRING "gnunet 0.10.0"
| #define PACKAGE_BUGREPORT "bug-gnunet@gnu.org"
| #define PACKAGE_URL ""
| #define PACKAGE "gnunet"
| #define VERSION "0.10.0"
| #define STDC_HEADERS 1
| #define HAVE_SYS_TYPES_H 1
| #define HAVE_SYS_STAT_H 1
| #define HAVE_STDLIB_H 1
| #define HAVE_STRING_H 1
| #define HAVE_MEMORY_H 1
| #define HAVE_STRINGS_H 1
| #define HAVE_INTTYPES_H 1
| #define HAVE_STDINT_H 1
| #define HAVE_UNISTD_H 1
| #define HAVE_DLFCN_H 1
| #define LT_OBJDIR ".libs/"
| #define _FILE_OFFSET_BITS 64
| #define HAVE_FSEEKO 1
| #define LINUX 1
| #define GNUNET_DEFAULT_INTERFACE "eth0"
| #define HAVE_UNALIGNED_64_ACCESS 0
| #define HAVE_LIBM 1
| #define HAVE_GETLOADAVG 1
| #define HAVE_TM_GMTOFF 1
| /* end confdefs.h.  */
| #include <stdio.h>
| #ifdef HAVE_SYS_TYPES_H
| # include <sys/types.h>
| #endif
| #ifdef HAVE_SYS_STAT_H
| # include <sys/stat.h>
| #endif
| #ifdef STDC_HEADERS
| # include <stdlib.h>
| # include <stddef.h>
| #else
| # ifdef HAVE_STDLIB_H
| #  include <stdlib.h>
| # endif
| #endif
| #ifdef HAVE_STRING_H
| # if !defined STDC_HEADERS && defined HAVE_MEMORY_H
| #  include <memory.h>
| # endif
| # include <string.h>
| #endif
| #ifdef HAVE_STRINGS_H
| # include <strings.h>
| #endif
| #ifdef HAVE_INTTYPES_H
| # include <inttypes.h>
| #endif
| #ifdef HAVE_STDINT_H
| # include <stdint.h>
| #endif
| #ifdef HAVE_UNISTD_H
| # include <unistd.h>
| #endif
| int
| main ()
| {
| #ifndef _stati64
|   (void) _stati64;
| #endif
| 
|   ;
|   return 0;
| }
configure:18297: result: no
configure:18316: checking for regexec in -lgnurx
configure:18341: gcc -o conftest -fno-strict-aliasing -Wall -g -O2   conftest.c -lgnurx  -lm  >&5
/usr/bin/ld: cannot find -lgnurx
collect2: ld returned 1 exit status
configure:18341: $? = 1
configure: failed program was:
| /* confdefs.h */
| #define PACKAGE_NAME "gnunet"
| #define PACKAGE_TARNAME "gnunet"
| #define PACKAGE_VERSION "0.10.0"
| #define PACKAGE_STRING "gnunet 0.10.0"
| #define PACKAGE_BUGREPORT "bug-gnunet@gnu.org"
| #define PACKAGE_URL ""
| #define PACKAGE "gnunet"
| #define VERSION "0.10.0"
| #define STDC_HEADERS 1
| #define HAVE_SYS_TYPES_H 1
| #define HAVE_SYS_STAT_H 1
| #define HAVE_STDLIB_H 1
| #define HAVE_STRING_H 1
| #define HAVE_MEMORY_H 1
| #define HAVE_STRINGS_H 1
| #define HAVE_INTTYPES_H 1
| #define HAVE_STDINT_H 1
| #define HAVE_UNISTD_H 1
| #define HAVE_DLFCN_H 1
| #define LT_OBJDIR ".libs/"
| #define _FILE_OFFSET_BITS 64
| #define HAVE_FSEEKO 1
| #define LINUX 1
| #define GNUNET_DEFAULT_INTERFACE "eth0"
| #define HAVE_UNALIGNED_64_ACCESS 0
| #define HAVE_LIBM 1
| #define HAVE_GETLOADAVG 1
| #define HAVE_TM_GMTOFF 1
| #define HAVE_DECL__STATI64 0
| /* end confdefs.h.  */
| 
| /* Override any GCC internal prototype to avoid an error.
|    Use char because int might match the return type of a GCC
|    builtin and then its argument prototype would still apply.  */
| #ifdef __cplusplus
| extern "C"
| #endif
| char regexec ();
| int
| main ()
| {
| return regexec ();
|   ;
|   return 0;
| }
configure:18350: result: no
configure:18383: checking for libgcrypt-config
configure:18401: found /usr/local/bin/libgcrypt-config
configure:18414: result: /usr/local/bin/libgcrypt-config
configure:18431: checking for LIBGCRYPT - version >= 1.6.0
configure:18465: result: yes
configure:18477: checking LIBGCRYPT API version
configure:18480: result: okay
configure:18502: checking whether gcry_mpi_set_opaque_copy is declared
configure:18502: gcc -c -fno-strict-aliasing -Wall -g -O2  conftest.c >&5
configure:18502: $? = 0
configure:18502: result: yes
configure:18582: checking whether to poison freed memory
configure:18597: result: no
configure:18612: checking for working HMAC
configure:18681: gcc -o conftest -fno-strict-aliasing -Wall -g -O2 -I/usr/local/include   conftest.c -lm  -L/usr/local/lib -lgcrypt -lgpg-error >&5
configure:18681: $? = 0
configure:18681: ./conftest
configure:18681: $? = 0
configure:18682: result: yes
configure:18724: checking for ba2str in -lbluetooth
configure:18749: gcc -o conftest -fno-strict-aliasing -Wall -g -O2 -I/usr/local/include   conftest.c -lbluetooth  -lm  -L/usr/local/lib -lgcrypt -lgpg-error >&5
/usr/bin/ld: cannot find -lbluetooth
collect2: ld returned 1 exit status
configure:18749: $? = 1
configure: failed program was:
| /* confdefs.h */
| #define PACKAGE_NAME "gnunet"
| #define PACKAGE_TARNAME "gnunet"
| #define PACKAGE_VERSION "0.10.0"
| #define PACKAGE_STRING "gnunet 0.10.0"
| #define PACKAGE_BUGREPORT "bug-gnunet@gnu.org"
| #define PACKAGE_URL ""
| #define PACKAGE "gnunet"
| #define VERSION "0.10.0"
| #define STDC_HEADERS 1
| #define HAVE_SYS_TYPES_H 1
| #define HAVE_SYS_STAT_H 1
| #define HAVE_STDLIB_H 1
| #define HAVE_STRING_H 1
| #define HAVE_MEMORY_H 1
| #define HAVE_STRINGS_H 1
| #define HAVE_INTTYPES_H 1
| #define HAVE_STDINT_H 1
| #define HAVE_UNISTD_H 1
| #define HAVE_DLFCN_H 1
| #define LT_OBJDIR ".libs/"
| #define _FILE_OFFSET_BITS 64
| #define HAVE_FSEEKO 1
| #define LINUX 1
| #define GNUNET_DEFAULT_INTERFACE "eth0"
| #define HAVE_UNALIGNED_64_ACCESS 0
| #define HAVE_LIBM 1
| #define HAVE_GETLOADAVG 1
| #define HAVE_TM_GMTOFF 1
| #define HAVE_DECL__STATI64 0
| #define HAVE_DECL_GCRY_MPI_SET_OPAQUE_COPY 1
| #define NEED_LIBGCRYPT_VERSION "1.6.0"
| #define GNUNET_EXTRA_LOGGING GNUNET_NO
| #define ENABLE_POISONING 0
| /* end confdefs.h.  */
| 
| /* Override any GCC internal prototype to avoid an error.
|    Use char because int might match the return type of a GCC
|    builtin and then its argument prototype would still apply.  */
| #ifdef __cplusplus
| extern "C"
| #endif
| char ba2str ();
| int
| main ()
| {
| return ba2str ();
|   ;
|   return 0;
| }
configure:18758: result: no
configure:18799: checking for pa_stream_peek in -lpulse
configure:18824: gcc -o conftest -fno-strict-aliasing -Wall -g -O2 -I/usr/local/include   conftest.c -lpulse  -lm  -L/usr/local/lib -lgcrypt -lgpg-error >&5
/usr/bin/ld: cannot find -lpulse
collect2: ld returned 1 exit status
configure:18824: $? = 1
configure: failed program was:
| /* confdefs.h */
| #define PACKAGE_NAME "gnunet"
| #define PACKAGE_TARNAME "gnunet"
| #define PACKAGE_VERSION "0.10.0"
| #define PACKAGE_STRING "gnunet 0.10.0"
| #define PACKAGE_BUGREPORT "bug-gnunet@gnu.org"
| #define PACKAGE_URL ""
| #define PACKAGE "gnunet"
| #define VERSION "0.10.0"
| #define STDC_HEADERS 1
| #define HAVE_SYS_TYPES_H 1
| #define HAVE_SYS_STAT_H 1
| #define HAVE_STDLIB_H 1
| #define HAVE_STRING_H 1
| #define HAVE_MEMORY_H 1
| #define HAVE_STRINGS_H 1
| #define HAVE_INTTYPES_H 1
| #define HAVE_STDINT_H 1
| #define HAVE_UNISTD_H 1
| #define HAVE_DLFCN_H 1
| #define LT_OBJDIR ".libs/"
| #define _FILE_OFFSET_BITS 64
| #define HAVE_FSEEKO 1
| #define LINUX 1
| #define GNUNET_DEFAULT_INTERFACE "eth0"
| #define HAVE_UNALIGNED_64_ACCESS 0
| #define HAVE_LIBM 1
| #define HAVE_GETLOADAVG 1
| #define HAVE_TM_GMTOFF 1
| #define HAVE_DECL__STATI64 0
| #define HAVE_DECL_GCRY_MPI_SET_OPAQUE_COPY 1
| #define NEED_LIBGCRYPT_VERSION "1.6.0"
| #define GNUNET_EXTRA_LOGGING GNUNET_NO
| #define ENABLE_POISONING 0
| /* end confdefs.h.  */
| 
| /* Override any GCC internal prototype to avoid an error.
|    Use char because int might match the return type of a GCC
|    builtin and then its argument prototype would still apply.  */
| #ifdef __cplusplus
| extern "C"
| #endif
| char pa_stream_peek ();
| int
| main ()
| {
| return pa_stream_peek ();
|   ;
|   return 0;
| }
configure:18833: result: no
configure:18857: checking for opus_decode_float in -lopus
configure:18882: gcc -o conftest -fno-strict-aliasing -Wall -g -O2 -I/usr/local/include   conftest.c -lopus  -lm  -L/usr/local/lib -lgcrypt -lgpg-error >&5
/usr/bin/ld: cannot find -lopus
collect2: ld returned 1 exit status
configure:18882: $? = 1
configure: failed program was:
| /* confdefs.h */
| #define PACKAGE_NAME "gnunet"
| #define PACKAGE_TARNAME "gnunet"
| #define PACKAGE_VERSION "0.10.0"
| #define PACKAGE_STRING "gnunet 0.10.0"
| #define PACKAGE_BUGREPORT "bug-gnunet@gnu.org"
| #define PACKAGE_URL ""
| #define PACKAGE "gnunet"
| #define VERSION "0.10.0"
| #define STDC_HEADERS 1
| #define HAVE_SYS_TYPES_H 1
| #define HAVE_SYS_STAT_H 1
| #define HAVE_STDLIB_H 1
| #define HAVE_STRING_H 1
| #define HAVE_MEMORY_H 1
| #define HAVE_STRINGS_H 1
| #define HAVE_INTTYPES_H 1
| #define HAVE_STDINT_H 1
| #define HAVE_UNISTD_H 1
| #define HAVE_DLFCN_H 1
| #define LT_OBJDIR ".libs/"
| #define _FILE_OFFSET_BITS 64
| #define HAVE_FSEEKO 1
| #define LINUX 1
| #define GNUNET_DEFAULT_INTERFACE "eth0"
| #define HAVE_UNALIGNED_64_ACCESS 0
| #define HAVE_LIBM 1
| #define HAVE_GETLOADAVG 1
| #define HAVE_TM_GMTOFF 1
| #define HAVE_DECL__STATI64 0
| #define HAVE_DECL_GCRY_MPI_SET_OPAQUE_COPY 1
| #define NEED_LIBGCRYPT_VERSION "1.6.0"
| #define GNUNET_EXTRA_LOGGING GNUNET_NO
| #define ENABLE_POISONING 0
| /* end confdefs.h.  */
| 
| /* Override any GCC internal prototype to avoid an error.
|    Use char because int might match the return type of a GCC
|    builtin and then its argument prototype would still apply.  */
| #ifdef __cplusplus
| extern "C"
| #endif
| char opus_decode_float ();
| int
| main ()
| {
| return opus_decode_float ();
|   ;
|   return 0;
| }
configure:18891: result: no
configure:18918: checking for ogg_stream_flush_fill in -logg
configure:18943: gcc -o conftest -fno-strict-aliasing -Wall -g -O2 -I/usr/local/include   conftest.c -logg  -lm  -L/usr/local/lib -lgcrypt -lgpg-error >&5
/tmp/ccyYTGH6.o: In function `main':
/home/cdl/Documents/gnunet/conftest.c:47: undefined reference to `ogg_stream_flush_fill'
collect2: ld returned 1 exit status
configure:18943: $? = 1
configure: failed program was:
| /* confdefs.h */
| #define PACKAGE_NAME "gnunet"
| #define PACKAGE_TARNAME "gnunet"
| #define PACKAGE_VERSION "0.10.0"
| #define PACKAGE_STRING "gnunet 0.10.0"
| #define PACKAGE_BUGREPORT "bug-gnunet@gnu.org"
| #define PACKAGE_URL ""
| #define PACKAGE "gnunet"
| #define VERSION "0.10.0"
| #define STDC_HEADERS 1
| #define HAVE_SYS_TYPES_H 1
| #define HAVE_SYS_STAT_H 1
| #define HAVE_STDLIB_H 1
| #define HAVE_STRING_H 1
| #define HAVE_MEMORY_H 1
| #define HAVE_STRINGS_H 1
| #define HAVE_INTTYPES_H 1
| #define HAVE_STDINT_H 1
| #define HAVE_UNISTD_H 1
| #define HAVE_DLFCN_H 1
| #define LT_OBJDIR ".libs/"
| #define _FILE_OFFSET_BITS 64
| #define HAVE_FSEEKO 1
| #define LINUX 1
| #define GNUNET_DEFAULT_INTERFACE "eth0"
| #define HAVE_UNALIGNED_64_ACCESS 0
| #define HAVE_LIBM 1
| #define HAVE_GETLOADAVG 1
| #define HAVE_TM_GMTOFF 1
| #define HAVE_DECL__STATI64 0
| #define HAVE_DECL_GCRY_MPI_SET_OPAQUE_COPY 1
| #define NEED_LIBGCRYPT_VERSION "1.6.0"
| #define GNUNET_EXTRA_LOGGING GNUNET_NO
| #define ENABLE_POISONING 0
| /* end confdefs.h.  */
| 
| /* Override any GCC internal prototype to avoid an error.
|    Use char because int might match the return type of a GCC
|    builtin and then its argument prototype would still apply.  */
| #ifdef __cplusplus
| extern "C"
| #endif
| char ogg_stream_flush_fill ();
| int
| main ()
| {
| return ogg_stream_flush_fill ();
|   ;
|   return 0;
| }
configure:18952: result: no
configure:19013: checking for pkg-config
configure:19031: found /usr/bin/pkg-config
configure:19044: result: /usr/bin/pkg-config
configure:19062: checking for glib-2.0 gobject-2.0 gstreamer-1.0 gstreamer-app-1.0 gstreamer-audio-1.0
configure:19107: result: not found
configure:19214: checking for gawk
configure:19241: result: gawk
configure:19303: checking for gnurl-config
configure:19336: result: no
configure:19412: checking whether libgnurl is usable
configure:19445: gcc -o conftest -fno-strict-aliasing -Wall -g -O2 -I/usr/local/include    conftest.c  -lgnurl -lm  -L/usr/local/lib -lgcrypt -lgpg-error >&5
conftest.c:36:23: error: curl/curl.h: No such file or directory
conftest.c: In function 'main':
conftest.c:44: warning: implicit declaration of function 'curl_easy_setopt'
conftest.c:44: error: 'NULL' undeclared (first use in this function)
conftest.c:44: error: (Each undeclared identifier is reported only once
conftest.c:44: error: for each function it appears in.)
conftest.c:44: error: 'CURLOPT_URL' undeclared (first use in this function)
conftest.c:45: error: 'CURL_ERROR_SIZE' undeclared (first use in this function)
conftest.c:46: error: 'CURLOPT_WRITEFUNCTION' undeclared (first use in this function)
conftest.c:47: error: 'CURLOPT_FILE' undeclared (first use in this function)
conftest.c:48: error: 'CURLOPT_ERRORBUFFER' undeclared (first use in this function)
conftest.c:49: error: 'CURLOPT_STDERR' undeclared (first use in this function)
conftest.c:50: error: 'CURLOPT_VERBOSE' undeclared (first use in this function)
configure:19445: $? = 1
configure: failed program was:
| /* confdefs.h */
| #define PACKAGE_NAME "gnunet"
| #define PACKAGE_TARNAME "gnunet"
| #define PACKAGE_VERSION "0.10.0"
| #define PACKAGE_STRING "gnunet 0.10.0"
| #define PACKAGE_BUGREPORT "bug-gnunet@gnu.org"
| #define PACKAGE_URL ""
| #define PACKAGE "gnunet"
| #define VERSION "0.10.0"
| #define STDC_HEADERS 1
| #define HAVE_SYS_TYPES_H 1
| #define HAVE_SYS_STAT_H 1
| #define HAVE_STDLIB_H 1
| #define HAVE_STRING_H 1
| #define HAVE_MEMORY_H 1
| #define HAVE_STRINGS_H 1
| #define HAVE_INTTYPES_H 1
| #define HAVE_STDINT_H 1
| #define HAVE_UNISTD_H 1
| #define HAVE_DLFCN_H 1
| #define LT_OBJDIR ".libs/"
| #define _FILE_OFFSET_BITS 64
| #define HAVE_FSEEKO 1
| #define LINUX 1
| #define GNUNET_DEFAULT_INTERFACE "eth0"
| #define HAVE_UNALIGNED_64_ACCESS 0
| #define HAVE_LIBM 1
| #define HAVE_GETLOADAVG 1
| #define HAVE_TM_GMTOFF 1
| #define HAVE_DECL__STATI64 0
| #define HAVE_DECL_GCRY_MPI_SET_OPAQUE_COPY 1
| #define NEED_LIBGCRYPT_VERSION "1.6.0"
| #define GNUNET_EXTRA_LOGGING GNUNET_NO
| #define ENABLE_POISONING 0
| /* end confdefs.h.  */
| #include <curl/curl.h>
| int
| main ()
| {
| 
| /* Try and use a few common options to force a failure if we are
|    missing symbols or can't link. */
| int x;
| curl_easy_setopt(NULL,CURLOPT_URL,NULL);
| x=CURL_ERROR_SIZE;
| x=CURLOPT_WRITEFUNCTION;
| x=CURLOPT_FILE;
| x=CURLOPT_ERRORBUFFER;
| x=CURLOPT_STDERR;
| x=CURLOPT_VERBOSE;
| 
|   ;
|   return 0;
| }
configure:19459: result: no
configure:19584: checking if Libidn can be used
configure:19599: checking idna.h usability
configure:19599: gcc -c -fno-strict-aliasing -Wall -g -O2 -I/usr/local/include  conftest.c >&5
configure:19599: $? = 0
configure:19599: result: yes
configure:19599: checking idna.h presence
configure:19599: gcc -E  conftest.c
configure:19599: $? = 0
configure:19599: result: yes
configure:19599: checking for idna.h
configure:19599: result: yes
configure:19601: checking for stringprep_check_version in -lidn
configure:19626: gcc -o conftest -fno-strict-aliasing -Wall -g -O2 -I/usr/local/include   conftest.c -lidn  -lm  -L/usr/local/lib -lgcrypt -lgpg-error >&5
configure:19626: $? = 0
configure:19635: result: yes
configure:19655: result: yes
configure:19664: checking glpk.h usability
configure:19664: gcc -c -fno-strict-aliasing -Wall -g -O2 -I/usr/local/include  conftest.c >&5
conftest.c:69:18: error: glpk.h: No such file or directory
configure:19664: $? = 1
configure: failed program was:
| /* confdefs.h */
| #define PACKAGE_NAME "gnunet"
| #define PACKAGE_TARNAME "gnunet"
| #define PACKAGE_VERSION "0.10.0"
| #define PACKAGE_STRING "gnunet 0.10.0"
| #define PACKAGE_BUGREPORT "bug-gnunet@gnu.org"
| #define PACKAGE_URL ""
| #define PACKAGE "gnunet"
| #define VERSION "0.10.0"
| #define STDC_HEADERS 1
| #define HAVE_SYS_TYPES_H 1
| #define HAVE_SYS_STAT_H 1
| #define HAVE_STDLIB_H 1
| #define HAVE_STRING_H 1
| #define HAVE_MEMORY_H 1
| #define HAVE_STRINGS_H 1
| #define HAVE_INTTYPES_H 1
| #define HAVE_STDINT_H 1
| #define HAVE_UNISTD_H 1
| #define HAVE_DLFCN_H 1
| #define LT_OBJDIR ".libs/"
| #define _FILE_OFFSET_BITS 64
| #define HAVE_FSEEKO 1
| #define LINUX 1
| #define GNUNET_DEFAULT_INTERFACE "eth0"
| #define HAVE_UNALIGNED_64_ACCESS 0
| #define HAVE_LIBM 1
| #define HAVE_GETLOADAVG 1
| #define HAVE_TM_GMTOFF 1
| #define HAVE_DECL__STATI64 0
| #define HAVE_DECL_GCRY_MPI_SET_OPAQUE_COPY 1
| #define NEED_LIBGCRYPT_VERSION "1.6.0"
| #define GNUNET_EXTRA_LOGGING GNUNET_NO
| #define ENABLE_POISONING 0
| /* end confdefs.h.  */
| #include <stdio.h>
| #ifdef HAVE_SYS_TYPES_H
| # include <sys/types.h>
| #endif
| #ifdef HAVE_SYS_STAT_H
| # include <sys/stat.h>
| #endif
| #ifdef STDC_HEADERS
| # include <stdlib.h>
| # include <stddef.h>
| #else
| # ifdef HAVE_STDLIB_H
| #  include <stdlib.h>
| # endif
| #endif
| #ifdef HAVE_STRING_H
| # if !defined STDC_HEADERS && defined HAVE_MEMORY_H
| #  include <memory.h>
| # endif
| # include <string.h>
| #endif
| #ifdef HAVE_STRINGS_H
| # include <strings.h>
| #endif
| #ifdef HAVE_INTTYPES_H
| # include <inttypes.h>
| #endif
| #ifdef HAVE_STDINT_H
| # include <stdint.h>
| #endif
| #ifdef HAVE_UNISTD_H
| # include <unistd.h>
| #endif
| #include <glpk.h>
configure:19664: result: no
configure:19664: checking glpk.h presence
configure:19664: gcc -E  conftest.c
conftest.c:36:18: error: glpk.h: No such file or directory
configure:19664: $? = 1
configure: failed program was:
| /* confdefs.h */
| #define PACKAGE_NAME "gnunet"
| #define PACKAGE_TARNAME "gnunet"
| #define PACKAGE_VERSION "0.10.0"
| #define PACKAGE_STRING "gnunet 0.10.0"
| #define PACKAGE_BUGREPORT "bug-gnunet@gnu.org"
| #define PACKAGE_URL ""
| #define PACKAGE "gnunet"
| #define VERSION "0.10.0"
| #define STDC_HEADERS 1
| #define HAVE_SYS_TYPES_H 1
| #define HAVE_SYS_STAT_H 1
| #define HAVE_STDLIB_H 1
| #define HAVE_STRING_H 1
| #define HAVE_MEMORY_H 1
| #define HAVE_STRINGS_H 1
| #define HAVE_INTTYPES_H 1
| #define HAVE_STDINT_H 1
| #define HAVE_UNISTD_H 1
| #define HAVE_DLFCN_H 1
| #define LT_OBJDIR ".libs/"
| #define _FILE_OFFSET_BITS 64
| #define HAVE_FSEEKO 1
| #define LINUX 1
| #define GNUNET_DEFAULT_INTERFACE "eth0"
| #define HAVE_UNALIGNED_64_ACCESS 0
| #define HAVE_LIBM 1
| #define HAVE_GETLOADAVG 1
| #define HAVE_TM_GMTOFF 1
| #define HAVE_DECL__STATI64 0
| #define HAVE_DECL_GCRY_MPI_SET_OPAQUE_COPY 1
| #define NEED_LIBGCRYPT_VERSION "1.6.0"
| #define GNUNET_EXTRA_LOGGING GNUNET_NO
| #define ENABLE_POISONING 0
| /* end confdefs.h.  */
| #include <glpk.h>
configure:19664: result: no
configure:19664: checking for glpk.h
configure:19664: result: no
configure:19677: checking for glp_init_env in -lglpk
configure:19702: gcc -o conftest -fno-strict-aliasing -Wall -g -O2 -I/usr/local/include   conftest.c -lglpk  -lm  >&5
/usr/bin/ld: cannot find -lglpk
collect2: ld returned 1 exit status
configure:19702: $? = 1
configure: failed program was:
| /* confdefs.h */
| #define PACKAGE_NAME "gnunet"
| #define PACKAGE_TARNAME "gnunet"
| #define PACKAGE_VERSION "0.10.0"
| #define PACKAGE_STRING "gnunet 0.10.0"
| #define PACKAGE_BUGREPORT "bug-gnunet@gnu.org"
| #define PACKAGE_URL ""
| #define PACKAGE "gnunet"
| #define VERSION "0.10.0"
| #define STDC_HEADERS 1
| #define HAVE_SYS_TYPES_H 1
| #define HAVE_SYS_STAT_H 1
| #define HAVE_STDLIB_H 1
| #define HAVE_STRING_H 1
| #define HAVE_MEMORY_H 1
| #define HAVE_STRINGS_H 1
| #define HAVE_INTTYPES_H 1
| #define HAVE_STDINT_H 1
| #define HAVE_UNISTD_H 1
| #define HAVE_DLFCN_H 1
| #define LT_OBJDIR ".libs/"
| #define _FILE_OFFSET_BITS 64
| #define HAVE_FSEEKO 1
| #define LINUX 1
| #define GNUNET_DEFAULT_INTERFACE "eth0"
| #define HAVE_UNALIGNED_64_ACCESS 0
| #define HAVE_LIBM 1
| #define HAVE_GETLOADAVG 1
| #define HAVE_TM_GMTOFF 1
| #define HAVE_DECL__STATI64 0
| #define HAVE_DECL_GCRY_MPI_SET_OPAQUE_COPY 1
| #define NEED_LIBGCRYPT_VERSION "1.6.0"
| #define GNUNET_EXTRA_LOGGING GNUNET_NO
| #define ENABLE_POISONING 0
| /* end confdefs.h.  */
| 
| /* Override any GCC internal prototype to avoid an error.
|    Use char because int might match the return type of a GCC
|    builtin and then its argument prototype would still apply.  */
| #ifdef __cplusplus
| extern "C"
| #endif
| char glp_init_env ();
| int
| main ()
| {
| return glp_init_env ();
|   ;
|   return 0;
| }
configure:19711: result: no
configure:19725: checking for glp_iocp.presolve
configure:19725: gcc -c -fno-strict-aliasing -Wall -g -O2 -I/usr/local/include  conftest.c >&5
conftest.c:36:18: error: glpk.h: No such file or directory
conftest.c: In function 'main':
conftest.c:41: error: expected '=', ',', ';', 'asm' or '__attribute__' before 'ac_aggr'
conftest.c:41: error: 'ac_aggr' undeclared (first use in this function)
conftest.c:41: error: (Each undeclared identifier is reported only once
conftest.c:41: error: for each function it appears in.)
configure:19725: $? = 1
configure: failed program was:
| /* confdefs.h */
| #define PACKAGE_NAME "gnunet"
| #define PACKAGE_TARNAME "gnunet"
| #define PACKAGE_VERSION "0.10.0"
| #define PACKAGE_STRING "gnunet 0.10.0"
| #define PACKAGE_BUGREPORT "bug-gnunet@gnu.org"
| #define PACKAGE_URL ""
| #define PACKAGE "gnunet"
| #define VERSION "0.10.0"
| #define STDC_HEADERS 1
| #define HAVE_SYS_TYPES_H 1
| #define HAVE_SYS_STAT_H 1
| #define HAVE_STDLIB_H 1
| #define HAVE_STRING_H 1
| #define HAVE_MEMORY_H 1
| #define HAVE_STRINGS_H 1
| #define HAVE_INTTYPES_H 1
| #define HAVE_STDINT_H 1
| #define HAVE_UNISTD_H 1
| #define HAVE_DLFCN_H 1
| #define LT_OBJDIR ".libs/"
| #define _FILE_OFFSET_BITS 64
| #define HAVE_FSEEKO 1
| #define LINUX 1
| #define GNUNET_DEFAULT_INTERFACE "eth0"
| #define HAVE_UNALIGNED_64_ACCESS 0
| #define HAVE_LIBM 1
| #define HAVE_GETLOADAVG 1
| #define HAVE_TM_GMTOFF 1
| #define HAVE_DECL__STATI64 0
| #define HAVE_DECL_GCRY_MPI_SET_OPAQUE_COPY 1
| #define NEED_LIBGCRYPT_VERSION "1.6.0"
| #define GNUNET_EXTRA_LOGGING GNUNET_NO
| #define ENABLE_POISONING 0
| /* end confdefs.h.  */
| #include <glpk.h>
| 
| int
| main ()
| {
| static glp_iocp ac_aggr;
| if (ac_aggr.presolve)
| return 0;
|   ;
|   return 0;
| }
configure:19725: gcc -c -fno-strict-aliasing -Wall -g -O2 -I/usr/local/include  conftest.c >&5
conftest.c:36:18: error: glpk.h: No such file or directory
conftest.c: In function 'main':
conftest.c:41: error: expected '=', ',', ';', 'asm' or '__attribute__' before 'ac_aggr'
conftest.c:41: error: 'ac_aggr' undeclared (first use in this function)
conftest.c:41: error: (Each undeclared identifier is reported only once
conftest.c:41: error: for each function it appears in.)
configure:19725: $? = 1
configure: failed program was:
| /* confdefs.h */
| #define PACKAGE_NAME "gnunet"
| #define PACKAGE_TARNAME "gnunet"
| #define PACKAGE_VERSION "0.10.0"
| #define PACKAGE_STRING "gnunet 0.10.0"
| #define PACKAGE_BUGREPORT "bug-gnunet@gnu.org"
| #define PACKAGE_URL ""
| #define PACKAGE "gnunet"
| #define VERSION "0.10.0"
| #define STDC_HEADERS 1
| #define HAVE_SYS_TYPES_H 1
| #define HAVE_SYS_STAT_H 1
| #define HAVE_STDLIB_H 1
| #define HAVE_STRING_H 1
| #define HAVE_MEMORY_H 1
| #define HAVE_STRINGS_H 1
| #define HAVE_INTTYPES_H 1
| #define HAVE_STDINT_H 1
| #define HAVE_UNISTD_H 1
| #define HAVE_DLFCN_H 1
| #define LT_OBJDIR ".libs/"
| #define _FILE_OFFSET_BITS 64
| #define HAVE_FSEEKO 1
| #define LINUX 1
| #define GNUNET_DEFAULT_INTERFACE "eth0"
| #define HAVE_UNALIGNED_64_ACCESS 0
| #define HAVE_LIBM 1
| #define HAVE_GETLOADAVG 1
| #define HAVE_TM_GMTOFF 1
| #define HAVE_DECL__STATI64 0
| #define HAVE_DECL_GCRY_MPI_SET_OPAQUE_COPY 1
| #define NEED_LIBGCRYPT_VERSION "1.6.0"
| #define GNUNET_EXTRA_LOGGING GNUNET_NO
| #define ENABLE_POISONING 0
| /* end confdefs.h.  */
| #include <glpk.h>
| 
| int
| main ()
| {
| static glp_iocp ac_aggr;
| if (sizeof ac_aggr.presolve)
| return 0;
|   ;
|   return 0;
| }
configure:19725: result: no
configure:19748: WARNING: GNUnet requires GLPK  >= 4.32
configure:19768: checking nss.h usability
configure:19768: gcc -c -fno-strict-aliasing -Wall -g -O2 -I/usr/local/include  conftest.c >&5
configure:19768: $? = 0
configure:19768: result: yes
configure:19768: checking nss.h presence
configure:19768: gcc -E  conftest.c
configure:19768: $? = 0
configure:19768: result: yes
configure:19768: checking for nss.h
configure:19768: result: yes
configure:19806: checking for kvm_open in -lkvm
configure:19831: gcc -o conftest -fno-strict-aliasing -Wall -g -O2 -I/usr/local/include   conftest.c -lkvm  -lm  >&5
/usr/bin/ld: cannot find -lkvm
collect2: ld returned 1 exit status
configure:19831: $? = 1
configure: failed program was:
| /* confdefs.h */
| #define PACKAGE_NAME "gnunet"
| #define PACKAGE_TARNAME "gnunet"
| #define PACKAGE_VERSION "0.10.0"
| #define PACKAGE_STRING "gnunet 0.10.0"
| #define PACKAGE_BUGREPORT "bug-gnunet@gnu.org"
| #define PACKAGE_URL ""
| #define PACKAGE "gnunet"
| #define VERSION "0.10.0"
| #define STDC_HEADERS 1
| #define HAVE_SYS_TYPES_H 1
| #define HAVE_SYS_STAT_H 1
| #define HAVE_STDLIB_H 1
| #define HAVE_STRING_H 1
| #define HAVE_MEMORY_H 1
| #define HAVE_STRINGS_H 1
| #define HAVE_INTTYPES_H 1
| #define HAVE_STDINT_H 1
| #define HAVE_UNISTD_H 1
| #define HAVE_DLFCN_H 1
| #define LT_OBJDIR ".libs/"
| #define _FILE_OFFSET_BITS 64
| #define HAVE_FSEEKO 1
| #define LINUX 1
| #define GNUNET_DEFAULT_INTERFACE "eth0"
| #define HAVE_UNALIGNED_64_ACCESS 0
| #define HAVE_LIBM 1
| #define HAVE_GETLOADAVG 1
| #define HAVE_TM_GMTOFF 1
| #define HAVE_DECL__STATI64 0
| #define HAVE_DECL_GCRY_MPI_SET_OPAQUE_COPY 1
| #define NEED_LIBGCRYPT_VERSION "1.6.0"
| #define GNUNET_EXTRA_LOGGING GNUNET_NO
| #define ENABLE_POISONING 0
| #define HAVE_NSS_H 1
| /* end confdefs.h.  */
| 
| /* Override any GCC internal prototype to avoid an error.
|    Use char because int might match the return type of a GCC
|    builtin and then its argument prototype would still apply.  */
| #ifdef __cplusplus
| extern "C"
| #endif
| char kvm_open ();
| int
| main ()
| {
| return kvm_open ();
|   ;
|   return 0;
| }
configure:19840: result: no
configure:19851: checking for kstat_open in -lkstat
configure:19876: gcc -o conftest -fno-strict-aliasing -Wall -g -O2 -I/usr/local/include   conftest.c -lkstat  -lm  >&5
/usr/bin/ld: cannot find -lkstat
collect2: ld returned 1 exit status
configure:19876: $? = 1
configure: failed program was:
| /* confdefs.h */
| #define PACKAGE_NAME "gnunet"
| #define PACKAGE_TARNAME "gnunet"
| #define PACKAGE_VERSION "0.10.0"
| #define PACKAGE_STRING "gnunet 0.10.0"
| #define PACKAGE_BUGREPORT "bug-gnunet@gnu.org"
| #define PACKAGE_URL ""
| #define PACKAGE "gnunet"
| #define VERSION "0.10.0"
| #define STDC_HEADERS 1
| #define HAVE_SYS_TYPES_H 1
| #define HAVE_SYS_STAT_H 1
| #define HAVE_STDLIB_H 1
| #define HAVE_STRING_H 1
| #define HAVE_MEMORY_H 1
| #define HAVE_STRINGS_H 1
| #define HAVE_INTTYPES_H 1
| #define HAVE_STDINT_H 1
| #define HAVE_UNISTD_H 1
| #define HAVE_DLFCN_H 1
| #define LT_OBJDIR ".libs/"
| #define _FILE_OFFSET_BITS 64
| #define HAVE_FSEEKO 1
| #define LINUX 1
| #define GNUNET_DEFAULT_INTERFACE "eth0"
| #define HAVE_UNALIGNED_64_ACCESS 0
| #define HAVE_LIBM 1
| #define HAVE_GETLOADAVG 1
| #define HAVE_TM_GMTOFF 1
| #define HAVE_DECL__STATI64 0
| #define HAVE_DECL_GCRY_MPI_SET_OPAQUE_COPY 1
| #define NEED_LIBGCRYPT_VERSION "1.6.0"
| #define GNUNET_EXTRA_LOGGING GNUNET_NO
| #define ENABLE_POISONING 0
| #define HAVE_NSS_H 1
| /* end confdefs.h.  */
| 
| /* Override any GCC internal prototype to avoid an error.
|    Use char because int might match the return type of a GCC
|    builtin and then its argument prototype would still apply.  */
| #ifdef __cplusplus
| extern "C"
| #endif
| char kstat_open ();
| int
| main ()
| {
| return kstat_open ();
|   ;
|   return 0;
| }
configure:19885: result: no
configure:19899: checking for libextractor
configure:20021: result: --with-extractor not specified
configure:20025: checking extractor.h usability
configure:20025: gcc -c -fno-strict-aliasing -Wall -g -O2 -I/usr/local/include  conftest.c >&5
configure:20025: $? = 0
configure:20025: result: yes
configure:20025: checking extractor.h presence
configure:20025: gcc -E  conftest.c
configure:20025: $? = 0
configure:20025: result: yes
configure:20025: checking for extractor.h
configure:20025: result: yes
configure:20030: checking for EXTRACTOR_plugin_add_defaults in -lextractor
configure:20055: gcc -o conftest -fno-strict-aliasing -Wall -g -O2 -I/usr/local/include   conftest.c -lextractor  -lm  >&5
/tmp/ccBliQuf.o: In function `main':
/home/cdl/Documents/gnunet/conftest.c:49: undefined reference to `EXTRACTOR_plugin_add_defaults'
collect2: ld returned 1 exit status
configure:20055: $? = 1
configure: failed program was:
| /* confdefs.h */
| #define PACKAGE_NAME "gnunet"
| #define PACKAGE_TARNAME "gnunet"
| #define PACKAGE_VERSION "0.10.0"
| #define PACKAGE_STRING "gnunet 0.10.0"
| #define PACKAGE_BUGREPORT "bug-gnunet@gnu.org"
| #define PACKAGE_URL ""
| #define PACKAGE "gnunet"
| #define VERSION "0.10.0"
| #define STDC_HEADERS 1
| #define HAVE_SYS_TYPES_H 1
| #define HAVE_SYS_STAT_H 1
| #define HAVE_STDLIB_H 1
| #define HAVE_STRING_H 1
| #define HAVE_MEMORY_H 1
| #define HAVE_STRINGS_H 1
| #define HAVE_INTTYPES_H 1
| #define HAVE_STDINT_H 1
| #define HAVE_UNISTD_H 1
| #define HAVE_DLFCN_H 1
| #define LT_OBJDIR ".libs/"
| #define _FILE_OFFSET_BITS 64
| #define HAVE_FSEEKO 1
| #define LINUX 1
| #define GNUNET_DEFAULT_INTERFACE "eth0"
| #define HAVE_UNALIGNED_64_ACCESS 0
| #define HAVE_LIBM 1
| #define HAVE_GETLOADAVG 1
| #define HAVE_TM_GMTOFF 1
| #define HAVE_DECL__STATI64 0
| #define HAVE_DECL_GCRY_MPI_SET_OPAQUE_COPY 1
| #define NEED_LIBGCRYPT_VERSION "1.6.0"
| #define GNUNET_EXTRA_LOGGING GNUNET_NO
| #define ENABLE_POISONING 0
| #define HAVE_NSS_H 1
| #define HAVE_EXTRACTOR_H 1
| /* end confdefs.h.  */
| 
| /* Override any GCC internal prototype to avoid an error.
|    Use char because int might match the return type of a GCC
|    builtin and then its argument prototype would still apply.  */
| #ifdef __cplusplus
| extern "C"
| #endif
| char EXTRACTOR_plugin_add_defaults ();
| int
| main ()
| {
| return EXTRACTOR_plugin_add_defaults ();
|   ;
|   return 0;
| }
configure:20064: result: no
configure:20078: error: GNUnet requires libextractor

## ---------------- ##
## Cache variables. ##
## ---------------- ##

ac_cv_build=i686-pc-linux-gnu
ac_cv_c_compiler_gnu=yes
ac_cv_cxx_compiler_gnu=yes
ac_cv_env_CCC_set=
ac_cv_env_CCC_value=
ac_cv_env_CC_set=
ac_cv_env_CC_value=
ac_cv_env_CFLAGS_set=
ac_cv_env_CFLAGS_value=
ac_cv_env_CPPFLAGS_set=
ac_cv_env_CPPFLAGS_value=
ac_cv_env_CPP_set=
ac_cv_env_CPP_value=
ac_cv_env_CXXCPP_set=
ac_cv_env_CXXCPP_value=
ac_cv_env_CXXFLAGS_set=
ac_cv_env_CXXFLAGS_value=
ac_cv_env_CXX_set=
ac_cv_env_CXX_value=
ac_cv_env_LDFLAGS_set=
ac_cv_env_LDFLAGS_value=
ac_cv_env_LIBS_set=
ac_cv_env_LIBS_value=
ac_cv_env_OBJCFLAGS_set=
ac_cv_env_OBJCFLAGS_value=
ac_cv_env_OBJC_set=
ac_cv_env_OBJC_value=
ac_cv_env_XMKMF_set=
ac_cv_env_XMKMF_value=
ac_cv_env_build_alias_set=
ac_cv_env_build_alias_value=
ac_cv_env_host_alias_set=
ac_cv_env_host_alias_value=
ac_cv_env_target_alias_set=
ac_cv_env_target_alias_value=
ac_cv_func_connect=yes
ac_cv_func_dlopen=no
ac_cv_func_gethostbyname=yes
ac_cv_func_remove=yes
ac_cv_func_shl_load=no
ac_cv_func_shmat=yes
ac_cv_have_decl__stati64=no
ac_cv_have_decl_gcry_mpi_set_opaque_copy=yes
ac_cv_have_x='have_x=yes	ac_x_includes='\'''\''	ac_x_libraries='\'''\'''
ac_cv_header_dlfcn_h=yes
ac_cv_header_extractor_h=yes
ac_cv_header_glpk_h=no
ac_cv_header_idna_h=yes
ac_cv_header_inttypes_h=yes
ac_cv_header_memory_h=yes
ac_cv_header_nss_h=yes
ac_cv_header_stdc=yes
ac_cv_header_stdint_h=yes
ac_cv_header_stdlib_h=yes
ac_cv_header_string_h=yes
ac_cv_header_strings_h=yes
ac_cv_header_sys_stat_h=yes
ac_cv_header_sys_types_h=yes
ac_cv_header_unistd_h=yes
ac_cv_host=i686-pc-linux-gnu
ac_cv_lib_ICE_IceConnectionNumber=yes
ac_cv_lib_bluetooth_ba2str=no
ac_cv_lib_c_getloadavg=yes
ac_cv_lib_dl_dlopen=yes
ac_cv_lib_dld_shl_load=no
ac_cv_lib_extractor_EXTRACTOR_plugin_add_defaults=no
ac_cv_lib_glpk_glp_init_env=no
ac_cv_lib_gnurx_regexec=no
ac_cv_lib_idn_stringprep_check_version=yes
ac_cv_lib_kstat_kstat_open=no
ac_cv_lib_kvm_kvm_open=no
ac_cv_lib_m_log=yes
ac_cv_lib_ogg_ogg_stream_flush_fill=no
ac_cv_lib_opus_opus_decode_float=no
ac_cv_lib_pulse_pa_stream_peek=no
ac_cv_lib_socket_socket=no
ac_cv_member_glp_iocp_presolve=no
ac_cv_member_struct_tm_tm_gmtoff=yes
ac_cv_objc_compiler_gnu=no
ac_cv_objext=o
ac_cv_path_EGREP='/bin/grep -E'
ac_cv_path_FGREP='/bin/grep -F'
ac_cv_path_GREP=/bin/grep
ac_cv_path_LIBGCRYPT_CONFIG=/usr/local/bin/libgcrypt-config
ac_cv_path_PKG_CONFIG=/usr/bin/pkg-config
ac_cv_path_SED=/bin/sed
ac_cv_path_install='/usr/bin/install -c'
ac_cv_path_mkdir=/bin/mkdir
ac_cv_prog_AWK=gawk
ac_cv_prog_CPP='gcc -E'
ac_cv_prog_CXXCPP='g++ -E'
ac_cv_prog_ac_ct_AR=ar
ac_cv_prog_ac_ct_CC=gcc
ac_cv_prog_ac_ct_CXX=g++
ac_cv_prog_ac_ct_OBJC=gcc
ac_cv_prog_ac_ct_OBJDUMP=objdump
ac_cv_prog_ac_ct_RANLIB=ranlib
ac_cv_prog_ac_ct_STRIP=strip
ac_cv_prog_cc_c89=
ac_cv_prog_cc_g=yes
ac_cv_prog_cc_gcc_c_o=yes
ac_cv_prog_cxx_g=yes
ac_cv_prog_make_make_set=yes
ac_cv_prog_objc_g=no
ac_cv_search_gethostbyname='none required'
ac_cv_sys_file_offset_bits=64
ac_cv_sys_largefile_CC=no
ac_cv_sys_largefile_source=no
ac_cv_target=i686-pc-linux-gnu
am_cv_CC_dependencies_compiler_type=gcc3
am_cv_CXX_dependencies_compiler_type=gcc3
am_cv_OBJC_dependencies_compiler_type=gcc3
libgnurl_cv_lib_gnurl_usable=no
lt_cv_deplibs_check_method=pass_all
lt_cv_dlopen=dlopen
lt_cv_dlopen_libs=-ldl
lt_cv_dlopen_self=yes
lt_cv_dlopen_self_static=no
lt_cv_file_magic_cmd='$MAGIC_CMD'
lt_cv_file_magic_test_file=
lt_cv_ld_reload_flag=-r
lt_cv_nm_interface='BSD nm'
lt_cv_objdir=.libs
lt_cv_path_LD=/usr/bin/ld
lt_cv_path_LDCXX=/usr/bin/ld
lt_cv_path_NM='/usr/bin/nm -B'
lt_cv_prog_compiler_c_o=yes
lt_cv_prog_compiler_c_o_CXX=yes
lt_cv_prog_compiler_pic_works=yes
lt_cv_prog_compiler_pic_works_CXX=yes
lt_cv_prog_compiler_rtti_exceptions=no
lt_cv_prog_compiler_static_works=yes
lt_cv_prog_compiler_static_works_CXX=yes
lt_cv_prog_gnu_ld=yes
lt_cv_prog_gnu_ldcxx=yes
lt_cv_sys_global_symbol_pipe='sed -n -e '\''s/^.*[	 ]\([ABCDGIRSTW][ABCDGIRSTW]*\)[	 ][	 ]*\([_A-Za-z][_A-Za-z0-9]*\)$/\1 \2 \2/p'\'''
lt_cv_sys_global_symbol_to_c_name_address='sed -n -e '\''s/^: \([^ ]*\) $/  {\"\1\", (void *) 0},/p'\'' -e '\''s/^[ABCDGIRSTW]* \([^ ]*\) \([^ ]*\)$/  {"\2", (void *) \&\2},/p'\'''
lt_cv_sys_global_symbol_to_c_name_address_lib_prefix='sed -n -e '\''s/^: \([^ ]*\) $/  {\"\1\", (void *) 0},/p'\'' -e '\''s/^[ABCDGIRSTW]* \([^ ]*\) \(lib[^ ]*\)$/  {"\2", (void *) \&\2},/p'\'' -e '\''s/^[ABCDGIRSTW]* \([^ ]*\) \([^ ]*\)$/  {"lib\2", (void *) \&\2},/p'\'''
lt_cv_sys_global_symbol_to_cdecl='sed -n -e '\''s/^T .* \(.*\)$/extern int \1();/p'\'' -e '\''s/^[ABCDGIRSTW]* .* \(.*\)$/extern char \1;/p'\'''
lt_cv_sys_max_cmd_len=1572864

## ----------------- ##
## Output variables. ##
## ----------------- ##

ACLOCAL='${SHELL} /home/cdl/Documents/gnunet/missing --run aclocal-1.11'
AMDEPBACKSLASH='\'
AMDEP_FALSE='#'
AMDEP_TRUE=''
AMTAR='${SHELL} /home/cdl/Documents/gnunet/missing --run tar'
AM_BACKSLASH='\'
AM_DEFAULT_VERBOSITY='0'
AR='ar'
AS='as'
AUTOCONF='${SHELL} /home/cdl/Documents/gnunet/missing --run autoconf'
AUTOHEADER='${SHELL} /home/cdl/Documents/gnunet/missing --run autoheader'
AUTOMAKE='${SHELL} /home/cdl/Documents/gnunet/missing --run automake-1.11'
AUTOSTART=''
AWK='gawk'
BUILD_GST_HELPERS_FALSE=''
BUILD_GST_HELPERS_TRUE='#'
BUILD_PULSE_HELPERS_FALSE=''
BUILD_PULSE_HELPERS_TRUE='#'
CC='gcc'
CCDEPMODE='depmode=gcc3'
CFLAGS='-fno-strict-aliasing -Wall -g -O2 -I/usr/local/include'
CPP='gcc -E'
CPPFLAGS=''
CXX='g++'
CXXCPP='g++ -E'
CXXDEPMODE='depmode=gcc3'
CXXFLAGS='-g -O2'
CYGPATH_W='echo'
CYGWIN_FALSE=''
CYGWIN_TRUE='#'
DARWIN_FALSE=''
DARWIN_TRUE='#'
DEFAULT_INTERFACE='"eth0"'
DEFS=''
DEPDIR='.deps'
DLLDIR='lib'
DLLTOOL='dlltool'
DSYMUTIL=''
DUMPBIN=''
ECHO_C=''
ECHO_N='-n'
ECHO_T=''
EGREP='/bin/grep -E'
ENABLE_MONKEY_FALSE=''
ENABLE_MONKEY_TRUE=''
ENABLE_NSE_HISTOGRAM_FALSE=''
ENABLE_NSE_HISTOGRAM_TRUE=''
ENABLE_SUPERMUC_FALSE=''
ENABLE_SUPERMUC_TRUE=''
ENABLE_TEST_RUN_FALSE=''
ENABLE_TEST_RUN_TRUE=''
EXEEXT=''
EXT_LIBS=''
EXT_LIB_PATH=''
FGREP='/bin/grep -F'
GMSGFMT=''
GMSGFMT_015=''
GNUNETDNS_GROUP=''
GNU_FALSE=''
GNU_TRUE='#'
GN_INTLINCL=''
GN_LIBINTL=''
GN_LIB_LDFLAGS=''
GN_PLUGIN_LDFLAGS=''
GREP='/bin/grep'
GST_CFLAGS=''
GST_LIBS=''
HAVE_BENCHMARKS_FALSE=''
HAVE_BENCHMARKS_TRUE=''
HAVE_EXPENSIVE_TESTS_FALSE=''
HAVE_EXPENSIVE_TESTS_TRUE=''
HAVE_EXPERIMENTAL_FALSE=''
HAVE_EXPERIMENTAL_TRUE=''
HAVE_GLIBCNSS_FALSE='#'
HAVE_GLIBCNSS_TRUE=''
HAVE_GNUTLS_DANE_FALSE=''
HAVE_GNUTLS_DANE_TRUE=''
HAVE_GNUTLS_FALSE=''
HAVE_GNUTLS_TRUE=''
HAVE_LIBBLUETOOTH_FALSE=''
HAVE_LIBBLUETOOTH_TRUE='#'
HAVE_LIBGLPK_FALSE=''
HAVE_LIBGLPK_TRUE='#'
HAVE_LIBGNURL_FALSE=''
HAVE_LIBGNURL_TRUE='#'
HAVE_LIBUNISTRING=''
HAVE_MHD_FALSE=''
HAVE_MHD_TRUE=''
HAVE_MYSQLE_FALSE=''
HAVE_MYSQLE_TRUE=''
HAVE_MYSQL_FALSE=''
HAVE_MYSQL_TRUE=''
HAVE_OGG_FALSE=''
HAVE_OGG_TRUE='#'
HAVE_POSTGRES_FALSE=''
HAVE_POSTGRES_TRUE=''
HAVE_PYTHON_FALSE=''
HAVE_PYTHON_TRUE=''
HAVE_SQLITE_FALSE=''
HAVE_SQLITE_TRUE=''
HAVE_SUDO_FALSE=''
HAVE_SUDO_TRUE=''
HAVE_TESTING_FALSE=''
HAVE_TESTING_TRUE=''
INSTALL_DATA='${INSTALL} -m 644'
INSTALL_NSS_FALSE=''
INSTALL_NSS_TRUE=''
INSTALL_PROGRAM='${INSTALL}'
INSTALL_SCRIPT='${INSTALL}'
INSTALL_STRIP_PROGRAM='$(install_sh) -c -s'
INTLLIBS=''
INTL_MACOSX_LIBS=''
JAVAPORT=''
LD='/usr/bin/ld'
LDFLAGS=''
LIBGCRYPT_CFLAGS='-I/usr/local/include'
LIBGCRYPT_CONFIG='/usr/local/bin/libgcrypt-config'
LIBGCRYPT_LIBS='-L/usr/local/lib -lgcrypt -lgpg-error'
LIBGNURL=''
LIBGNURL_CPPFLAGS=''
LIBICONV=''
LIBINTL=''
LIBOBJS=''
LIBPREFIX=''
LIBS='-lm '
LIBTOOL='$(SHELL) $(top_builddir)/libtool'
LIBUNISTRING=''
LINUX_FALSE='#'
LINUX_TRUE=''
LIPO=''
LN_S='ln -s'
LTLIBICONV=''
LTLIBINTL=''
LTLIBOBJS=''
LTLIBUNISTRING=''
MAKEINFO='${SHELL} /home/cdl/Documents/gnunet/missing --run makeinfo'
MINGW_FALSE=''
MINGW_TRUE='#'
MKDIR_P='/bin/mkdir -p'
MONKEYPREFIX=''
MSGFMT=''
MSGFMT_015=''
MSGMERGE=''
MYSQL_CPPFLAGS=''
MYSQL_LDFLAGS=''
NM='/usr/bin/nm -B'
NMEDIT=''
NSS_DIR=''
OBJC='gcc'
OBJCDEPMODE='depmode=gcc3'
OBJCFLAGS=''
OBJDUMP='objdump'
OBJEXT='o'
OPENBSD_FALSE=''
OPENBSD_TRUE='#'
OTOOL64=''
OTOOL=''
PACKAGE='gnunet'
PACKAGE_BUGREPORT='bug-gnunet@gnu.org'
PACKAGE_NAME='gnunet'
PACKAGE_STRING='gnunet 0.10.0'
PACKAGE_TARNAME='gnunet'
PACKAGE_URL=''
PACKAGE_VERSION='0.10.0'
PATH_SEPARATOR=':'
PKG_CONFIG='/usr/bin/pkg-config'
POSTGRES_CPPFLAGS=''
POSTGRES_LDFLAGS=''
POSUB=''
PYTHON=''
PYTHON_EXEC_PREFIX=''
PYTHON_PLATFORM=''
PYTHON_PREFIX=''
PYTHON_VERSION=''
RANLIB='ranlib'
SED='/bin/sed'
SET_MAKE=''
SHELL='/bin/bash'
SOLARIS_FALSE=''
SOLARIS_TRUE='#'
SQLITE_CPPFLAGS=''
SQLITE_LDFLAGS=''
STRIP='strip'
SUDO_BINARY=''
UNIXONLY='#'
USE_COVERAGE_FALSE=''
USE_COVERAGE_TRUE=''
USE_NLS=''
VERSION='0.10.0'
WANT_FRAMEWORK_FALSE=''
WANT_FRAMEWORK_TRUE=''
XFREEBSD_FALSE=''
XFREEBSD_TRUE='#'
XGETTEXT=''
XGETTEXT_015=''
XMKMF=''
X_CFLAGS=''
X_EXTRA_LIBS=''
X_LIBS=''
X_PRE_LIBS=' -lSM -lICE'
Z_CFLAGS=''
Z_LIBS=''
_libgnurl_config=''
ac_ct_CC='gcc'
ac_ct_CXX='g++'
ac_ct_DUMPBIN=''
ac_ct_OBJC='gcc'
am__EXEEXT_FALSE=''
am__EXEEXT_TRUE=''
am__fastdepCC_FALSE='#'
am__fastdepCC_TRUE=''
am__fastdepCXX_FALSE='#'
am__fastdepCXX_TRUE=''
am__fastdepOBJC_FALSE=''
am__fastdepOBJC_TRUE='#'
am__include='include'
am__isrc=''
am__leading_dot='.'
am__quote=''
am__tar='${AMTAR} chof - "$$tardir"'
am__untar='${AMTAR} xf -'
bindir='${exec_prefix}/bin'
build='i686-pc-linux-gnu'
build_alias=''
build_cpu='i686'
build_os='linux-gnu'
build_target='linux'
build_vendor='pc'
datadir='${datarootdir}'
datarootdir='${prefix}/share'
docdir='${datarootdir}/doc/${PACKAGE_TARNAME}'
dvidir='${docdir}'
exec_prefix='NONE'
gitcommand=''
host='i686-pc-linux-gnu'
host_alias=''
host_cpu='i686'
host_os='linux-gnu'
host_vendor='pc'
htmldir='${docdir}'
includedir='${prefix}/include'
infodir='${datarootdir}/info'
install_sh='${SHELL} /home/cdl/Documents/gnunet/install-sh'
libdir='${exec_prefix}/lib'
libexecdir='${exec_prefix}/libexec'
localedir='${datarootdir}/locale'
localstatedir='${prefix}/var'
lt_ECHO='echo'
mandir='${datarootdir}/man'
mkdir_p='/bin/mkdir -p'
oldincludedir='/usr/include'
pdfdir='${docdir}'
pkgpyexecdir=''
pkgpythondir=''
prefix='NONE'
program_transform_name='s,x,x,'
psdir='${docdir}'
pyexecdir=''
pythondir=''
sbindir='${exec_prefix}/sbin'
sharedstatedir='${prefix}/com'
svnversioncommand=''
sysconfdir='${prefix}/etc'
target='i686-pc-linux-gnu'
target_alias=''
target_cpu='i686'
target_os='linux-gnu'
target_vendor='pc'

## ----------- ##
## confdefs.h. ##
## ----------- ##

/* confdefs.h */
#define PACKAGE_NAME "gnunet"
#define PACKAGE_TARNAME "gnunet"
#define PACKAGE_VERSION "0.10.0"
#define PACKAGE_STRING "gnunet 0.10.0"
#define PACKAGE_BUGREPORT "bug-gnunet@gnu.org"
#define PACKAGE_URL ""
#define PACKAGE "gnunet"
#define VERSION "0.10.0"
#define STDC_HEADERS 1
#define HAVE_SYS_TYPES_H 1
#define HAVE_SYS_STAT_H 1
#define HAVE_STDLIB_H 1
#define HAVE_STRING_H 1
#define HAVE_MEMORY_H 1
#define HAVE_STRINGS_H 1
#define HAVE_INTTYPES_H 1
#define HAVE_STDINT_H 1
#define HAVE_UNISTD_H 1
#define HAVE_DLFCN_H 1
#define LT_OBJDIR ".libs/"
#define _FILE_OFFSET_BITS 64
#define HAVE_FSEEKO 1
#define LINUX 1
#define GNUNET_DEFAULT_INTERFACE "eth0"
#define HAVE_UNALIGNED_64_ACCESS 0
#define HAVE_LIBM 1
#define HAVE_GETLOADAVG 1
#define HAVE_TM_GMTOFF 1
#define HAVE_DECL__STATI64 0
#define HAVE_DECL_GCRY_MPI_SET_OPAQUE_COPY 1
#define NEED_LIBGCRYPT_VERSION "1.6.0"
#define GNUNET_EXTRA_LOGGING GNUNET_NO
#define ENABLE_POISONING 0
#define HAVE_NSS_H 1
#define HAVE_EXTRACTOR_H 1

configure: exit 1
